-------------------------------------------------------------------------------
Test set: com.zabora.subscription.integration.CP033_FlujoPagoTarjetaTest
-------------------------------------------------------------------------------
Tests run: 2, Failures: 0, Errors: 1, Skipped: 0, Time elapsed: 0.306 s <<< FAILURE! -- in com.zabora.subscription.integration.CP033_FlujoPagoTarjetaTest
com.zabora.subscription.integration.CP033_FlujoPagoTarjetaTest.testEstructuraRespuestaPagoExitoso -- Time elapsed: 0.041 s <<< ERROR!
java.lang.NullPointerException
	at java.base/java.util.Objects.requireNonNull(Objects.java:233)
	at java.base/java.util.ImmutableCollections$MapN.<init>(ImmutableCollections.java:1193)
	at java.base/java.util.Map.of(Map.java:1552)
	at com.zabora.subscription.integration.CP033_FlujoPagoTarjetaTest.testEstructuraRespuestaPagoExitoso(CP033_FlujoPagoTarjetaTest.java:329)
	at java.base/java.lang.reflect.Method.invoke(Method.java:580)
	at java.base/java.util.ArrayList.forEach(ArrayList.java:1596)
	at java.base/java.util.ArrayList.forEach(ArrayList.java:1596)

