<?xml version="1.0" encoding="UTF-8"?>
<testsuite xmlns:xsi="http://www.w3.org/2001/XMLSchema-instance" xsi:noNamespaceSchemaLocation="https://maven.apache.org/surefire/maven-surefire-plugin/xsd/surefire-test-report-3.0.xsd" version="3.0" name="com.zabora.subscription.integration.CP032_SeleccionMetodoPagoTest" time="16.803" tests="2" errors="0" skipped="0" failures="0">
  <properties>
[...]
</properties>
  <testcase name="testEstructuraRespuesta" classname="com.zabora.subscription.integration.CP032_SeleccionMetodoPagoTest" time="2.92">
    <system-out><![CDATA[11:27:25.596 [main] INFO org.springframework.test.context.support.AnnotationConfigContextLoaderUtils -- Could not detect default configuration classes for test class [com.zabora.subscription.integration.CP032_SeleccionMetodoPagoTest]: CP032_SeleccionMetodoPagoTest does not declare any static, non-private, non-final, nested classes annotated with @Configuration.
11:27:25.669 [main] INFO org.springframework.boot.test.context.SpringBootTestContextBootstrapper -- Found @SpringBootConfiguration com.zabora.subscription.ZaboraSubscriptionApplication for test class com.zabora.subscription.integration.CP032_SeleccionMetodoPagoTest
11:27:26.226 [main] INFO org.springframework.boot.devtools.restart.RestartApplicationListener -- Restart disabled due to context in which it is running

  .   ____          _            __ _ _
 /\\ / ___'_ __ _ _(_)_ __  __ _ \ \ \ \
( ( )\___ | '_ | '_| | '_ \/ _` | \ \ \ \
 \\/  ___)| |_)| | | | | || (_| |  ) ) ) )
  '  |____| .__|_| |_|_| |_\__, | / / / /
 =========|_|==============|___/=/_/_/_/

 :: Spring Boot ::                (v3.3.5)

2026-03-29T11:27:26.824-05:00  INFO 8856 --- [zabora-subscription-service] [           main] c.z.s.i.CP032_SeleccionMetodoPagoTest    : Starting CP032_SeleccionMetodoPagoTest using Java 21.0.8 with PID 8856 (started by PAULA in C:\zabora\suscription-service)
2026-03-29T11:27:26.824-05:00 DEBUG 8856 --- [zabora-subscription-service] [           main] c.z.s.i.CP032_SeleccionMetodoPagoTest    : Running with Spring Boot v3.3.5, Spring v6.1.14
2026-03-29T11:27:26.824-05:00  INFO 8856 --- [zabora-subscription-service] [           main] c.z.s.i.CP032_SeleccionMetodoPagoTest    : The following 1 profile is active: "test"
2026-03-29T11:27:28.057-05:00 DEBUG 8856 --- [zabora-subscription-service] [           main] o.s.c.openfeign.FeignClientsRegistrar$1  : Identified candidate component class: file [C:\zabora\suscription-service\target\classes\com\zabora\subscription\repositorio\AuthClient.class]
2026-03-29T11:27:28.672-05:00  INFO 8856 --- [zabora-subscription-service] [           main] .s.d.r.c.RepositoryConfigurationDelegate : Bootstrapping Spring Data JPA repositories in DEFAULT mode.
2026-03-29T11:27:28.905-05:00  INFO 8856 --- [zabora-subscription-service] [           main] .s.d.r.c.RepositoryConfigurationDelegate : Finished Spring Data repository scanning in 214 ms. Found 3 JPA repository interfaces.
2026-03-29T11:27:29.484-05:00  INFO 8856 --- [zabora-subscription-service] [           main] o.s.cloud.context.scope.GenericScope     : BeanFactory id=b3508b92-a73c-37ee-a040-ac90a31ef220
2026-03-29T11:27:30.057-05:00  WARN 8856 --- [zabora-subscription-service] [           main] trationDelegate$BeanPostProcessorChecker : Bean 'org.springframework.cloud.client.loadbalancer.LoadBalancerAutoConfiguration$DeferringLoadBalancerInterceptorConfig' of type [org.springframework.cloud.client.loadbalancer.LoadBalancerAutoConfiguration$DeferringLoadBalancerInterceptorConfig] is not eligible for getting processed by all BeanPostProcessors (for example: not eligible for auto-proxying). The currently created BeanPostProcessor [lbRestClientPostProcessor] is declared through a non-static factory method on that class; consider declaring it as static instead.
2026-03-29T11:27:30.062-05:00  WARN 8856 --- [zabora-subscription-service] [           main] trationDelegate$BeanPostProcessorChecker : Bean 'deferringLoadBalancerInterceptor' of type [org.springframework.cloud.client.loadbalancer.DeferringLoadBalancerInterceptor] is not eligible for getting processed by all BeanPostProcessors (for example: not eligible for auto-proxying). Is this bean getting eagerly injected/applied to a currently created BeanPostProcessor [lbRestClientPostProcessor]? Check the corresponding BeanPostProcessor declaration and its dependencies/advisors. If this bean does not have to be post-processed, declare it with ROLE_INFRASTRUCTURE.
2026-03-29T11:27:30.637-05:00  INFO 8856 --- [zabora-subscription-service] [           main] o.s.b.w.embedded.tomcat.TomcatWebServer  : Tomcat initialized with port 0 (http)
2026-03-29T11:27:30.669-05:00  INFO 8856 --- [zabora-subscription-service] [           main] o.apache.catalina.core.StandardService   : Starting service [Tomcat]
2026-03-29T11:27:30.670-05:00  INFO 8856 --- [zabora-subscription-service] [           main] o.apache.catalina.core.StandardEngine    : Starting Servlet engine: [Apache Tomcat/10.1.31]
2026-03-29T11:27:30.795-05:00  INFO 8856 --- [zabora-subscription-service] [           main] o.a.c.c.C.[Tomcat].[localhost].[/]       : Initializing Spring embedded WebApplicationContext
2026-03-29T11:27:30.795-05:00  INFO 8856 --- [zabora-subscription-service] [           main] w.s.c.ServletWebServerApplicationContext : Root WebApplicationContext: initialization completed in 3917 ms
2026-03-29T11:27:31.098-05:00 DEBUG 8856 --- [zabora-subscription-service] [           main] o.s.w.f.ServerHttpObservationFilter      : Filter 'webMvcObservationFilter' configured for use
2026-03-29T11:27:31.098-05:00 DEBUG 8856 --- [zabora-subscription-service] [           main] c.z.subscription.data.UserContextFilter  : Filter 'userContextFilter' configured for use
2026-03-29T11:27:31.208-05:00  INFO 8856 --- [zabora-subscription-service] [           main] com.zaxxer.hikari.HikariDataSource       : HikariPool-1 - Starting...
2026-03-29T11:27:31.569-05:00  INFO 8856 --- [zabora-subscription-service] [           main] com.zaxxer.hikari.pool.HikariPool        : HikariPool-1 - Added connection conn0: url=jdbc:h2:mem:testdb user=SA
2026-03-29T11:27:31.570-05:00  INFO 8856 --- [zabora-subscription-service] [           main] com.zaxxer.hikari.HikariDataSource       : HikariPool-1 - Start completed.
2026-03-29T11:27:31.804-05:00  INFO 8856 --- [zabora-subscription-service] [           main] o.hibernate.jpa.internal.util.LogHelper  : HHH000204: Processing PersistenceUnitInfo [name: default]
2026-03-29T11:27:31.959-05:00  INFO 8856 --- [zabora-subscription-service] [           main] org.hibernate.Version                    : HHH000412: Hibernate ORM core version 6.5.3.Final
2026-03-29T11:27:32.029-05:00  INFO 8856 --- [zabora-subscription-service] [           main] o.h.c.internal.RegionFactoryInitiator    : HHH000026: Second-level cache disabled
2026-03-29T11:27:32.439-05:00  INFO 8856 --- [zabora-subscription-service] [           main] o.s.o.j.p.SpringPersistenceUnitInfo      : No LoadTimeWeaver setup: ignoring JPA class transformer
2026-03-29T11:27:32.528-05:00  WARN 8856 --- [zabora-subscription-service] [           main] org.hibernate.orm.deprecation            : HHH90000025: H2Dialect does not need to be specified explicitly using 'hibernate.dialect' (remove the property setting and it will be selected by default)
2026-03-29T11:27:33.740-05:00  INFO 8856 --- [zabora-subscription-service] [           main] o.h.e.t.j.p.i.JtaPlatformInitiator       : HHH000489: No JTA platform available (set 'hibernate.transaction.jta.platform' to enable JTA platform integration)
2026-03-29T11:27:33.768-05:00 DEBUG 8856 --- [zabora-subscription-service] [           main] org.hibernate.SQL                        : 
    drop table if exists pagos cascade 
2026-03-29T11:27:33.772-05:00 DEBUG 8856 --- [zabora-subscription-service] [           main] org.hibernate.SQL                        : 
    drop table if exists planes_suscripcion cascade 
2026-03-29T11:27:33.772-05:00 DEBUG 8856 --- [zabora-subscription-service] [           main] org.hibernate.SQL                        : 
    drop table if exists suscripciones_usuarios cascade 
2026-03-29T11:27:33.780-05:00 DEBUG 8856 --- [zabora-subscription-service] [           main] org.hibernate.SQL                        : 
    create table pagos (
        moneda varchar(3) not null,
        monto numeric(10,2) not null,
        usuario_id integer not null,
        fecha_creacion timestamp(6) not null,
        fecha_pago timestamp(6),
        tipo_documento varchar(20),
        tipo_persona varchar(20),
        banco varchar(50),
        codigo_autorizacion varchar(50),
        estado_pse varchar(50),
        numero_documento varchar(50),
        id varchar(100) not null,
        referencia_pse varchar(100),
        suscripcion_id varchar(100) not null,
        motivo_fallo varchar(500),
        url_comprobante varchar(500),
        id_intento_pago varchar(255) unique,
        metadatos LONGTEXT,
        metodo_pago varchar(255) not null,
        estado enum ('CANCELADO','COMPLETADO','FALLIDO','PENDIENTE','REEMBOLSADO') not null,
        primary key (id)
    )
2026-03-29T11:27:33.784-05:00 DEBUG 8856 --- [zabora-subscription-service] [           main] org.hibernate.SQL                        : 
    create table planes_suscripcion (
        activo boolean,
        id integer generated by default as identity,
        moneda varchar(3),
        precio numeric(10,2) not null,
        fecha_actualizacion timestamp(6),
        fecha_creacion timestamp(6),
        nombre varchar(50) not null unique,
        descripcion TEXT,
        primary key (id)
    )
2026-03-29T11:27:33.784-05:00 DEBUG 8856 --- [zabora-subscription-service] [           main] org.hibernate.SQL                        : 
    create table suscripciones_usuarios (
        cancelar_al_final_periodo boolean,
        plan_id integer not null,
        usuario_id integer not null,
        fecha_actualizacion timestamp(6),
        fecha_cancelacion timestamp(6),
        fecha_creacion timestamp(6),
        fin_periodo_actual timestamp(6),
        inicio_periodo_actual timestamp(6),
        id varchar(100) not null,
        id_cliente varchar(255),
        id_suscripcion varchar(255),
        estado enum ('ACTIVA','CANCELADA','EXPIRADA','PENDIENTE_PAGO','SIN_SUSCRIPCION') not null,
        primary key (id)
    )
2026-03-29T11:27:33.786-05:00 DEBUG 8856 --- [zabora-subscription-service] [           main] org.hibernate.SQL                        : 
    alter table if exists suscripciones_usuarios 
       add constraint FKrjtxcwwyf85vbarvqtgmg4i4a 
       foreign key (plan_id) 
       references planes_suscripcion
2026-03-29T11:27:33.806-05:00  INFO 8856 --- [zabora-subscription-service] [           main] j.LocalContainerEntityManagerFactoryBean : Initialized JPA EntityManagerFactory for persistence unit 'default'
2026-03-29T11:27:34.457-05:00  INFO 8856 --- [zabora-subscription-service] [           main] c.z.s.config.MercadoPagoConfiguration    : MercadoPago SDK inicializado. Token termina en: ..._TOKEN
2026-03-29T11:27:34.563-05:00  INFO 8856 --- [zabora-subscription-service] [           main] o.s.d.j.r.query.QueryEnhancerFactory     : Hibernate is in classpath; If applicable, HQL parser will be used.
2026-03-29T11:27:35.533-05:00 DEBUG 8856 --- [zabora-subscription-service] [           main] o.s.c.openfeign.FeignClientFactoryBean   : Creating a FeignClientFactoryBean.
2026-03-29T11:27:36.653-05:00  INFO 8856 --- [zabora-subscription-service] [           main] o.s.c.openfeign.FeignClientFactoryBean   : For 'auth-service' URL not provided. Will try picking an instance via load-balancing.
2026-03-29T11:27:36.913-05:00  WARN 8856 --- [zabora-subscription-service] [           main] .s.s.UserDetailsServiceAutoConfiguration : 

Using generated security password: 1062a7d6-da95-4603-83a5-babd8a7811e2

This generated password is for development use only. Your security configuration must be updated before running your application in production.

2026-03-29T11:27:36.952-05:00  INFO 8856 --- [zabora-subscription-service] [           main] r$InitializeUserDetailsManagerConfigurer : Global AuthenticationManager configured with UserDetailsService bean with name inMemoryUserDetailsManager
2026-03-29T11:27:37.173-05:00 DEBUG 8856 --- [zabora-subscription-service] [           main] s.w.s.m.m.a.RequestMappingHandlerMapping : 29 mappings in 'requestMappingHandlerMapping'
2026-03-29T11:27:37.390-05:00 DEBUG 8856 --- [zabora-subscription-service] [           main] o.s.w.s.handler.SimpleUrlHandlerMapping  : Patterns [/webjars/**, /**, /swagger-ui*/*swagger-initializer.js, /swagger-ui*/**] in 'resourceHandlerMapping'
2026-03-29T11:27:37.658-05:00  INFO 8856 --- [zabora-subscription-service] [           main] o.s.b.a.e.web.EndpointLinksResolver      : Exposing 2 endpoints beneath base path '/actuator'
2026-03-29T11:27:37.903-05:00 DEBUG 8856 --- [zabora-subscription-service] [           main] s.w.s.m.m.a.RequestMappingHandlerAdapter : ControllerAdvice beans: 0 @ModelAttribute, 0 @InitBinder, 1 RequestBodyAdvice, 1 ResponseBodyAdvice
2026-03-29T11:27:37.970-05:00 DEBUG 8856 --- [zabora-subscription-service] [           main] .m.m.a.ExceptionHandlerExceptionResolver : ControllerAdvice beans: 2 @ExceptionHandler, 1 ResponseBodyAdvice
2026-03-29T11:27:38.503-05:00  WARN 8856 --- [zabora-subscription-service] [           main] iguration$LoadBalancerCaffeineWarnLogger : Spring Cloud LoadBalancer is currently working with the default cache. While this cache implementation is useful for development and tests, it's recommended to use Caffeine cache in production.You can switch to using Caffeine cache, by adding it and org.springframework.cache.caffeine.CaffeineCacheManager to the classpath.
2026-03-29T11:27:38.845-05:00  INFO 8856 --- [zabora-subscription-service] [           main] o.s.b.w.embedded.tomcat.TomcatWebServer  : Tomcat started on port 54042 (http) with context path '/'
2026-03-29T11:27:38.853-05:00  INFO 8856 --- [zabora-subscription-service] [           main] o.s.c.c.s.ConsulServiceRegistry          : Registering service with consul: NewService{id='zabora-subscription-service-0', name='zabora-subscription-service', tags=[], address='172.17.176.1', meta={secure=false}, port=54042, enableTagOverride=null, check=Check{script='null', dockerContainerID='null', shell='null', interval='10s', ttl='null', http='http://172.17.176.1:54042/actuator/health', method='null', header={}, tcp='null', timeout='null', deregisterCriticalServiceAfter='null', tlsSkipVerify=null, status='null', grpc='null', grpcUseTLS=null}, checks=null}
2026-03-29T11:27:38.917-05:00  INFO 8856 --- [zabora-subscription-service] [           main] c.z.s.i.CP032_SeleccionMetodoPagoTest    : Started CP032_SeleccionMetodoPagoTest in 12.714 seconds (process running for 15.882)
2026-03-29T11:27:39.040-05:00  INFO 8856 --- [zabora-subscription-service] [           main] c.z.s.integration.TestDataInitializer    : Initializing test data...
2026-03-29T11:27:39.119-05:00 DEBUG 8856 --- [zabora-subscription-service] [           main] org.hibernate.SQL                        : 
    select
        count(*) 
    from
        planes_suscripcion ps1_0
2026-03-29T11:27:39.164-05:00 DEBUG 8856 --- [zabora-subscription-service] [           main] org.hibernate.SQL                        : 
    insert 
    into
        planes_suscripcion
        (activo, descripcion, fecha_actualizacion, fecha_creacion, moneda, nombre, precio, id) 
    values
        (?, ?, ?, ?, ?, ?, ?, default)
2026-03-29T11:27:39.187-05:00 DEBUG 8856 --- [zabora-subscription-service] [           main] org.hibernate.SQL                        : 
    insert 
    into
        planes_suscripcion
        (activo, descripcion, fecha_actualizacion, fecha_creacion, moneda, nombre, precio, id) 
    values
        (?, ?, ?, ?, ?, ?, ?, default)
2026-03-29T11:27:39.187-05:00  INFO 8856 --- [zabora-subscription-service] [           main] c.z.s.integration.TestDataInitializer    : Test data initialized: gratuito and premium plans created
2026-03-29T11:27:41.065-05:00  INFO 8856 --- [zabora-subscription-service] [o-auto-1-exec-1] o.a.c.c.C.[Tomcat].[localhost].[/]       : Initializing Spring DispatcherServlet 'dispatcherServlet'
2026-03-29T11:27:41.065-05:00  INFO 8856 --- [zabora-subscription-service] [o-auto-1-exec-1] o.s.web.servlet.DispatcherServlet        : Initializing Servlet 'dispatcherServlet'
2026-03-29T11:27:41.065-05:00 DEBUG 8856 --- [zabora-subscription-service] [o-auto-1-exec-1] o.s.web.servlet.DispatcherServlet        : Detected StandardServletMultipartResolver
2026-03-29T11:27:41.065-05:00 DEBUG 8856 --- [zabora-subscription-service] [o-auto-1-exec-1] o.s.web.servlet.DispatcherServlet        : Detected AcceptHeaderLocaleResolver
2026-03-29T11:27:41.065-05:00 DEBUG 8856 --- [zabora-subscription-service] [o-auto-1-exec-1] o.s.web.servlet.DispatcherServlet        : Detected FixedThemeResolver
2026-03-29T11:27:41.067-05:00 DEBUG 8856 --- [zabora-subscription-service] [o-auto-1-exec-1] o.s.web.servlet.DispatcherServlet        : Detected org.springframework.web.servlet.view.DefaultRequestToViewNameTranslator@6831b1f6
2026-03-29T11:27:41.068-05:00 DEBUG 8856 --- [zabora-subscription-service] [o-auto-1-exec-1] o.s.web.servlet.DispatcherServlet        : Detected org.springframework.web.servlet.support.SessionFlashMapManager@70e8d481
2026-03-29T11:27:41.068-05:00 DEBUG 8856 --- [zabora-subscription-service] [o-auto-1-exec-1] o.s.web.servlet.DispatcherServlet        : enableLoggingRequestDetails='false': request parameters and headers will be masked to prevent unsafe logging of potentially sensitive data
2026-03-29T11:27:41.069-05:00  INFO 8856 --- [zabora-subscription-service] [o-auto-1-exec-1] o.s.web.servlet.DispatcherServlet        : Completed initialization in 3 ms
2026-03-29T11:27:41.129-05:00 DEBUG 8856 --- [zabora-subscription-service] [o-auto-1-exec-1] o.s.web.servlet.DispatcherServlet        : POST "/api/suscripciones/suscribir", parameters={}
2026-03-29T11:27:41.129-05:00 DEBUG 8856 --- [zabora-subscription-service] [o-auto-1-exec-1] s.w.s.m.m.a.RequestMappingHandlerMapping : Mapped to com.zabora.subscription.controlador.SuscripcionController#suscribirse(SolicitudSuscripcionDTO)
2026-03-29T11:27:41.188-05:00 DEBUG 8856 --- [zabora-subscription-service] [o-auto-1-exec-1] m.m.a.RequestResponseBodyMethodProcessor : Read "application/json;charset=UTF-8" to [SolicitudSuscripcionDTO(usuarioId=2006, nombrePlan=premium, tipoPago=TARJETA)]
2026-03-29T11:27:41.207-05:00  INFO 8856 --- [zabora-subscription-service] [o-auto-1-exec-1] c.z.s.controlador.SuscripcionController  : Solicitud de suscripcion - Plan: premium
2026-03-29T11:27:41.207-05:00  INFO 8856 --- [zabora-subscription-service] [o-auto-1-exec-1] c.z.s.servicio.SuscripcionServicio       : Creando suscripcion - Usuario: 2006, Plan: premium
2026-03-29T11:27:41.270-05:00 DEBUG 8856 --- [zabora-subscription-service] [o-auto-1-exec-1] org.hibernate.SQL                        : 
    select
        ps1_0.id,
        ps1_0.activo,
        ps1_0.descripcion,
        ps1_0.fecha_actualizacion,
        ps1_0.fecha_creacion,
        ps1_0.moneda,
        ps1_0.nombre,
        ps1_0.precio 
    from
        planes_suscripcion ps1_0 
    where
        upper(ps1_0.nombre)=upper(?)
2026-03-29T11:27:41.292-05:00 DEBUG 8856 --- [zabora-subscription-service] [o-auto-1-exec-1] org.hibernate.SQL                        : 
    select
        us1_0.id,
        us1_0.cancelar_al_final_periodo,
        us1_0.estado,
        us1_0.fecha_actualizacion,
        us1_0.fecha_cancelacion,
        us1_0.fecha_creacion,
        us1_0.fin_periodo_actual,
        us1_0.id_cliente,
        us1_0.id_suscripcion,
        us1_0.inicio_periodo_actual,
        us1_0.plan_id,
        us1_0.usuario_id 
    from
        suscripciones_usuarios us1_0 
    where
        us1_0.usuario_id=? 
        and us1_0.estado=?
2026-03-29T11:27:41.294-05:00  INFO 8856 --- [zabora-subscription-service] [o-auto-1-exec-1] c.z.s.servicio.SuscripcionServicio       : Plan premium en PENDIENTE_PAGO
2026-03-29T11:27:41.309-05:00 DEBUG 8856 --- [zabora-subscription-service] [o-auto-1-exec-1] org.hibernate.SQL                        : 
    select
        us1_0.id,
        us1_0.cancelar_al_final_periodo,
        us1_0.estado,
        us1_0.fecha_actualizacion,
        us1_0.fecha_cancelacion,
        us1_0.fecha_creacion,
        us1_0.fin_periodo_actual,
        us1_0.id_cliente,
        us1_0.id_suscripcion,
        us1_0.inicio_periodo_actual,
        us1_0.plan_id,
        p1_0.id,
        p1_0.activo,
        p1_0.descripcion,
        p1_0.fecha_actualizacion,
        p1_0.fecha_creacion,
        p1_0.moneda,
        p1_0.nombre,
        p1_0.precio,
        us1_0.usuario_id,
        p2_0.suscripcion_id,
        p2_0.id,
        p2_0.banco,
        p2_0.codigo_autorizacion,
        p2_0.estado,
        p2_0.estado_pse,
        p2_0.fecha_creacion,
        p2_0.fecha_pago,
        p2_0.id_intento_pago,
        p2_0.metadatos,
        p2_0.metodo_pago,
        p2_0.moneda,
        p2_0.monto,
        p2_0.motivo_fallo,
        p2_0.numero_documento,
        p2_0.referencia_pse,
        p2_0.tipo_documento,
        p2_0.tipo_persona,
        p2_0.url_comprobante,
        p2_0.usuario_id 
    from
        suscripciones_usuarios us1_0 
    join
        planes_suscripcion p1_0 
            on p1_0.id=us1_0.plan_id 
    left join
        pagos p2_0 
            on us1_0.id=p2_0.suscripcion_id 
    where
        us1_0.id=?
2026-03-29T11:27:41.320-05:00  INFO 8856 --- [zabora-subscription-service] [o-auto-1-exec-1] c.z.s.servicio.SuscripcionServicio       : Suscripcion creada - ID: fc4fb9ab-66c7-425c-a83a-c8f9215186d6, Estado: PENDIENTE_PAGO
2026-03-29T11:27:41.326-05:00 DEBUG 8856 --- [zabora-subscription-service] [o-auto-1-exec-1] org.hibernate.SQL                        : 
    insert 
    into
        suscripciones_usuarios
        (cancelar_al_final_periodo, estado, fecha_actualizacion, fecha_cancelacion, fecha_creacion, fin_periodo_actual, id_cliente, id_suscripcion, inicio_periodo_actual, plan_id, usuario_id, id) 
    values
        (?, ?, ?, ?, ?, ?, ?, ?, ?, ?, ?, ?)
2026-03-29T11:27:41.350-05:00 DEBUG 8856 --- [zabora-subscription-service] [o-auto-1-exec-1] o.s.w.s.m.m.a.HttpEntityMethodProcessor  : Using 'application/json', given [*/*] and supported [application/json, application/*+json]
2026-03-29T11:27:41.356-05:00 DEBUG 8856 --- [zabora-subscription-service] [o-auto-1-exec-1] o.s.w.s.m.m.a.HttpEntityMethodProcessor  : Writing [RespuestaSuscripcionDTO(exito=true, mensaje=Suscripcion creada. Pendiente de pago., idSuscripcion=fc (truncated)...]
2026-03-29T11:27:41.368-05:00 DEBUG 8856 --- [zabora-subscription-service] [o-auto-1-exec-1] o.s.web.servlet.DispatcherServlet        : Completed 200 OK
]]></system-out>
    <system-err><![CDATA[WARNING: A Java agent has been loaded dynamically (C:\Users\PAULA\.m2\repository\net\bytebuddy\byte-buddy-agent\1.14.19\byte-buddy-agent-1.14.19.jar)
WARNING: If a serviceability tool is in use, please run with -XX:+EnableDynamicAgentLoading to hide this warning
WARNING: If a serviceability tool is not in use, please run with -Djdk.instrument.traceUsage for more information
WARNING: Dynamic loading of agents will be disallowed by default in a future release
]]></system-err>
  </testcase>
  <testcase name="testSeleccionMetodoPago" classname="com.zabora.subscription.integration.CP032_SeleccionMetodoPagoTest" time="0.281">
    <system-out><![CDATA[2026-03-29T11:27:42.137-05:00 DEBUG 8856 --- [zabora-subscription-service] [o-auto-1-exec-4] o.s.web.servlet.DispatcherServlet        : POST "/api/suscripciones/suscribir", parameters={}
2026-03-29T11:27:42.137-05:00 DEBUG 8856 --- [zabora-subscription-service] [o-auto-1-exec-4] s.w.s.m.m.a.RequestMappingHandlerMapping : Mapped to com.zabora.subscription.controlador.SuscripcionController#suscribirse(SolicitudSuscripcionDTO)
2026-03-29T11:27:42.137-05:00 DEBUG 8856 --- [zabora-subscription-service] [o-auto-1-exec-4] m.m.a.RequestResponseBodyMethodProcessor : Read "application/json;charset=UTF-8" to [SolicitudSuscripcionDTO(usuarioId=2000, nombrePlan=premium, tipoPago=TARJETA)]
2026-03-29T11:27:42.137-05:00  INFO 8856 --- [zabora-subscription-service] [o-auto-1-exec-4] c.z.s.controlador.SuscripcionController  : Solicitud de suscripcion - Plan: premium
2026-03-29T11:27:42.137-05:00  INFO 8856 --- [zabora-subscription-service] [o-auto-1-exec-4] c.z.s.servicio.SuscripcionServicio       : Creando suscripcion - Usuario: 2000, Plan: premium
2026-03-29T11:27:42.141-05:00 DEBUG 8856 --- [zabora-subscription-service] [o-auto-1-exec-4] org.hibernate.SQL                        : 
    select
        ps1_0.id,
        ps1_0.activo,
        ps1_0.descripcion,
        ps1_0.fecha_actualizacion,
        ps1_0.fecha_creacion,
        ps1_0.moneda,
        ps1_0.nombre,
        ps1_0.precio 
    from
        planes_suscripcion ps1_0 
    where
        upper(ps1_0.nombre)=upper(?)
2026-03-29T11:27:42.141-05:00 DEBUG 8856 --- [zabora-subscription-service] [o-auto-1-exec-4] org.hibernate.SQL                        : 
    select
        us1_0.id,
        us1_0.cancelar_al_final_periodo,
        us1_0.estado,
        us1_0.fecha_actualizacion,
        us1_0.fecha_cancelacion,
        us1_0.fecha_creacion,
        us1_0.fin_periodo_actual,
        us1_0.id_cliente,
        us1_0.id_suscripcion,
        us1_0.inicio_periodo_actual,
        us1_0.plan_id,
        us1_0.usuario_id 
    from
        suscripciones_usuarios us1_0 
    where
        us1_0.usuario_id=? 
        and us1_0.estado=?
2026-03-29T11:27:42.146-05:00  INFO 8856 --- [zabora-subscription-service] [o-auto-1-exec-4] c.z.s.servicio.SuscripcionServicio       : Plan premium en PENDIENTE_PAGO
2026-03-29T11:27:42.146-05:00 DEBUG 8856 --- [zabora-subscription-service] [o-auto-1-exec-4] org.hibernate.SQL                        : 
    select
        us1_0.id,
        us1_0.cancelar_al_final_periodo,
        us1_0.estado,
        us1_0.fecha_actualizacion,
        us1_0.fecha_cancelacion,
        us1_0.fecha_creacion,
        us1_0.fin_periodo_actual,
        us1_0.id_cliente,
        us1_0.id_suscripcion,
        us1_0.inicio_periodo_actual,
        us1_0.plan_id,
        p1_0.id,
        p1_0.activo,
        p1_0.descripcion,
        p1_0.fecha_actualizacion,
        p1_0.fecha_creacion,
        p1_0.moneda,
        p1_0.nombre,
        p1_0.precio,
        us1_0.usuario_id,
        p2_0.suscripcion_id,
        p2_0.id,
        p2_0.banco,
        p2_0.codigo_autorizacion,
        p2_0.estado,
        p2_0.estado_pse,
        p2_0.fecha_creacion,
        p2_0.fecha_pago,
        p2_0.id_intento_pago,
        p2_0.metadatos,
        p2_0.metodo_pago,
        p2_0.moneda,
        p2_0.monto,
        p2_0.motivo_fallo,
        p2_0.numero_documento,
        p2_0.referencia_pse,
        p2_0.tipo_documento,
        p2_0.tipo_persona,
        p2_0.url_comprobante,
        p2_0.usuario_id 
    from
        suscripciones_usuarios us1_0 
    join
        planes_suscripcion p1_0 
            on p1_0.id=us1_0.plan_id 
    left join
        pagos p2_0 
            on us1_0.id=p2_0.suscripcion_id 
    where
        us1_0.id=?
2026-03-29T11:27:42.146-05:00  INFO 8856 --- [zabora-subscription-service] [o-auto-1-exec-4] c.z.s.servicio.SuscripcionServicio       : Suscripcion creada - ID: 2514d86a-b260-4fde-bd70-efab9b3aec6d, Estado: PENDIENTE_PAGO
2026-03-29T11:27:42.146-05:00 DEBUG 8856 --- [zabora-subscription-service] [o-auto-1-exec-4] org.hibernate.SQL                        : 
    insert 
    into
        suscripciones_usuarios
        (cancelar_al_final_periodo, estado, fecha_actualizacion, fecha_cancelacion, fecha_creacion, fin_periodo_actual, id_cliente, id_suscripcion, inicio_periodo_actual, plan_id, usuario_id, id) 
    values
        (?, ?, ?, ?, ?, ?, ?, ?, ?, ?, ?, ?)
2026-03-29T11:27:42.146-05:00 DEBUG 8856 --- [zabora-subscription-service] [o-auto-1-exec-4] o.s.w.s.m.m.a.HttpEntityMethodProcessor  : Using 'application/json', given [*/*] and supported [application/json, application/*+json]
2026-03-29T11:27:42.146-05:00 DEBUG 8856 --- [zabora-subscription-service] [o-auto-1-exec-4] o.s.w.s.m.m.a.HttpEntityMethodProcessor  : Writing [RespuestaSuscripcionDTO(exito=true, mensaje=Suscripcion creada. Pendiente de pago., idSuscripcion=25 (truncated)...]
2026-03-29T11:27:42.149-05:00 DEBUG 8856 --- [zabora-subscription-service] [o-auto-1-exec-4] o.s.web.servlet.DispatcherServlet        : Completed 200 OK
2026-03-29T11:27:42.215-05:00 DEBUG 8856 --- [zabora-subscription-service] [o-auto-1-exec-3] o.s.web.servlet.DispatcherServlet        : POST "/api/suscripciones/suscribir", parameters={}
2026-03-29T11:27:42.215-05:00 DEBUG 8856 --- [zabora-subscription-service] [o-auto-1-exec-3] s.w.s.m.m.a.RequestMappingHandlerMapping : Mapped to com.zabora.subscription.controlador.SuscripcionController#suscribirse(SolicitudSuscripcionDTO)
2026-03-29T11:27:42.215-05:00 DEBUG 8856 --- [zabora-subscription-service] [o-auto-1-exec-3] m.m.a.RequestResponseBodyMethodProcessor : Read "application/json;charset=UTF-8" to [SolicitudSuscripcionDTO(usuarioId=2001, nombrePlan=premium, tipoPago=PSE)]
2026-03-29T11:27:42.215-05:00  INFO 8856 --- [zabora-subscription-service] [o-auto-1-exec-3] c.z.s.controlador.SuscripcionController  : Solicitud de suscripcion - Plan: premium
2026-03-29T11:27:42.215-05:00  INFO 8856 --- [zabora-subscription-service] [o-auto-1-exec-3] c.z.s.servicio.SuscripcionServicio       : Creando suscripcion - Usuario: 2001, Plan: premium
2026-03-29T11:27:42.215-05:00 DEBUG 8856 --- [zabora-subscription-service] [o-auto-1-exec-3] org.hibernate.SQL                        : 
    select
        ps1_0.id,
        ps1_0.activo,
        ps1_0.descripcion,
        ps1_0.fecha_actualizacion,
        ps1_0.fecha_creacion,
        ps1_0.moneda,
        ps1_0.nombre,
        ps1_0.precio 
    from
        planes_suscripcion ps1_0 
    where
        upper(ps1_0.nombre)=upper(?)
2026-03-29T11:27:42.221-05:00 DEBUG 8856 --- [zabora-subscription-service] [o-auto-1-exec-3] org.hibernate.SQL                        : 
    select
        us1_0.id,
        us1_0.cancelar_al_final_periodo,
        us1_0.estado,
        us1_0.fecha_actualizacion,
        us1_0.fecha_cancelacion,
        us1_0.fecha_creacion,
        us1_0.fin_periodo_actual,
        us1_0.id_cliente,
        us1_0.id_suscripcion,
        us1_0.inicio_periodo_actual,
        us1_0.plan_id,
        us1_0.usuario_id 
    from
        suscripciones_usuarios us1_0 
    where
        us1_0.usuario_id=? 
        and us1_0.estado=?
2026-03-29T11:27:42.221-05:00  INFO 8856 --- [zabora-subscription-service] [o-auto-1-exec-3] c.z.s.servicio.SuscripcionServicio       : Plan premium en PENDIENTE_PAGO
2026-03-29T11:27:42.224-05:00 DEBUG 8856 --- [zabora-subscription-service] [o-auto-1-exec-3] org.hibernate.SQL                        : 
    select
        us1_0.id,
        us1_0.cancelar_al_final_periodo,
        us1_0.estado,
        us1_0.fecha_actualizacion,
        us1_0.fecha_cancelacion,
        us1_0.fecha_creacion,
        us1_0.fin_periodo_actual,
        us1_0.id_cliente,
        us1_0.id_suscripcion,
        us1_0.inicio_periodo_actual,
        us1_0.plan_id,
        p1_0.id,
        p1_0.activo,
        p1_0.descripcion,
        p1_0.fecha_actualizacion,
        p1_0.fecha_creacion,
        p1_0.moneda,
        p1_0.nombre,
        p1_0.precio,
        us1_0.usuario_id,
        p2_0.suscripcion_id,
        p2_0.id,
        p2_0.banco,
        p2_0.codigo_autorizacion,
        p2_0.estado,
        p2_0.estado_pse,
        p2_0.fecha_creacion,
        p2_0.fecha_pago,
        p2_0.id_intento_pago,
        p2_0.metadatos,
        p2_0.metodo_pago,
        p2_0.moneda,
        p2_0.monto,
        p2_0.motivo_fallo,
        p2_0.numero_documento,
        p2_0.referencia_pse,
        p2_0.tipo_documento,
        p2_0.tipo_persona,
        p2_0.url_comprobante,
        p2_0.usuario_id 
    from
        suscripciones_usuarios us1_0 
    join
        planes_suscripcion p1_0 
            on p1_0.id=us1_0.plan_id 
    left join
        pagos p2_0 
            on us1_0.id=p2_0.suscripcion_id 
    where
        us1_0.id=?
2026-03-29T11:27:42.224-05:00  INFO 8856 --- [zabora-subscription-service] [o-auto-1-exec-3] c.z.s.servicio.SuscripcionServicio       : Suscripcion creada - ID: e59df1de-088e-4828-96e2-3eb851f7199c, Estado: PENDIENTE_PAGO
2026-03-29T11:27:42.227-05:00 DEBUG 8856 --- [zabora-subscription-service] [o-auto-1-exec-3] org.hibernate.SQL                        : 
    insert 
    into
        suscripciones_usuarios
        (cancelar_al_final_periodo, estado, fecha_actualizacion, fecha_cancelacion, fecha_creacion, fin_periodo_actual, id_cliente, id_suscripcion, inicio_periodo_actual, plan_id, usuario_id, id) 
    values
        (?, ?, ?, ?, ?, ?, ?, ?, ?, ?, ?, ?)
2026-03-29T11:27:42.227-05:00 DEBUG 8856 --- [zabora-subscription-service] [o-auto-1-exec-3] o.s.w.s.m.m.a.HttpEntityMethodProcessor  : Using 'application/json', given [*/*] and supported [application/json, application/*+json]
2026-03-29T11:27:42.227-05:00 DEBUG 8856 --- [zabora-subscription-service] [o-auto-1-exec-3] o.s.w.s.m.m.a.HttpEntityMethodProcessor  : Writing [RespuestaSuscripcionDTO(exito=true, mensaje=Suscripcion creada. Pendiente de pago., idSuscripcion=e5 (truncated)...]
2026-03-29T11:27:42.229-05:00 DEBUG 8856 --- [zabora-subscription-service] [o-auto-1-exec-3] o.s.web.servlet.DispatcherServlet        : Completed 200 OK
2026-03-29T11:27:42.262-05:00 DEBUG 8856 --- [zabora-subscription-service] [o-auto-1-exec-2] o.s.web.servlet.DispatcherServlet        : POST "/api/suscripciones/suscribir", parameters={}
2026-03-29T11:27:42.262-05:00 DEBUG 8856 --- [zabora-subscription-service] [o-auto-1-exec-2] s.w.s.m.m.a.RequestMappingHandlerMapping : Mapped to com.zabora.subscription.controlador.SuscripcionController#suscribirse(SolicitudSuscripcionDTO)
2026-03-29T11:27:42.262-05:00 DEBUG 8856 --- [zabora-subscription-service] [o-auto-1-exec-2] m.m.a.RequestResponseBodyMethodProcessor : Read "application/json;charset=UTF-8" to [SolicitudSuscripcionDTO(usuarioId=null, nombrePlan=premium, tipoPago=TARJETA)]
2026-03-29T11:27:42.262-05:00  INFO 8856 --- [zabora-subscription-service] [o-auto-1-exec-2] c.z.s.controlador.SuscripcionController  : Solicitud de suscripcion - Plan: premium
2026-03-29T11:27:42.268-05:00  WARN 8856 --- [zabora-subscription-service] [o-auto-1-exec-2] c.z.s.controlador.SuscripcionController  : Error al suscribirse: No se pudo determinar el usuario. Verifica que el gateway envie X-User-Id.
2026-03-29T11:27:42.272-05:00 DEBUG 8856 --- [zabora-subscription-service] [o-auto-1-exec-2] o.s.w.s.m.m.a.HttpEntityMethodProcessor  : Using 'application/json', given [*/*] and supported [application/json, application/*+json]
2026-03-29T11:27:42.272-05:00 DEBUG 8856 --- [zabora-subscription-service] [o-auto-1-exec-2] o.s.w.s.m.m.a.HttpEntityMethodProcessor  : Writing [{error=No se pudo determinar el usuario. Verifica que el gateway envie X-User-Id.}]
2026-03-29T11:27:42.272-05:00 DEBUG 8856 --- [zabora-subscription-service] [o-auto-1-exec-2] o.s.web.servlet.DispatcherServlet        : Completed 400 BAD_REQUEST
2026-03-29T11:27:42.284-05:00 DEBUG 8856 --- [zabora-subscription-service] [-auto-1-exec-10] o.s.web.servlet.DispatcherServlet        : POST "/api/suscripciones/suscribir", parameters={}
2026-03-29T11:27:42.284-05:00 DEBUG 8856 --- [zabora-subscription-service] [-auto-1-exec-10] s.w.s.m.m.a.RequestMappingHandlerMapping : Mapped to com.zabora.subscription.controlador.SuscripcionController#suscribirse(SolicitudSuscripcionDTO)
2026-03-29T11:27:42.284-05:00 DEBUG 8856 --- [zabora-subscription-service] [-auto-1-exec-10] m.m.a.RequestResponseBodyMethodProcessor : Read "application/json;charset=UTF-8" to [SolicitudSuscripcionDTO(usuarioId=2003, nombrePlan=gratuito, tipoPago=NONE)]
2026-03-29T11:27:42.284-05:00  INFO 8856 --- [zabora-subscription-service] [-auto-1-exec-10] c.z.s.controlador.SuscripcionController  : Solicitud de suscripcion - Plan: gratuito
2026-03-29T11:27:42.284-05:00  INFO 8856 --- [zabora-subscription-service] [-auto-1-exec-10] c.z.s.servicio.SuscripcionServicio       : Creando suscripcion - Usuario: 2003, Plan: gratuito
2026-03-29T11:27:42.291-05:00 DEBUG 8856 --- [zabora-subscription-service] [-auto-1-exec-10] org.hibernate.SQL                        : 
    select
        ps1_0.id,
        ps1_0.activo,
        ps1_0.descripcion,
        ps1_0.fecha_actualizacion,
        ps1_0.fecha_creacion,
        ps1_0.moneda,
        ps1_0.nombre,
        ps1_0.precio 
    from
        planes_suscripcion ps1_0 
    where
        upper(ps1_0.nombre)=upper(?)
2026-03-29T11:27:42.293-05:00 DEBUG 8856 --- [zabora-subscription-service] [-auto-1-exec-10] org.hibernate.SQL                        : 
    select
        us1_0.id,
        us1_0.cancelar_al_final_periodo,
        us1_0.estado,
        us1_0.fecha_actualizacion,
        us1_0.fecha_cancelacion,
        us1_0.fecha_creacion,
        us1_0.fin_periodo_actual,
        us1_0.id_cliente,
        us1_0.id_suscripcion,
        us1_0.inicio_periodo_actual,
        us1_0.plan_id,
        us1_0.usuario_id 
    from
        suscripciones_usuarios us1_0 
    where
        us1_0.usuario_id=? 
        and us1_0.estado=?
2026-03-29T11:27:42.293-05:00  INFO 8856 --- [zabora-subscription-service] [-auto-1-exec-10] c.z.s.servicio.SuscripcionServicio       : Plan gratuito activado directamente
2026-03-29T11:27:42.293-05:00 DEBUG 8856 --- [zabora-subscription-service] [-auto-1-exec-10] org.hibernate.SQL                        : 
    select
        us1_0.id,
        us1_0.cancelar_al_final_periodo,
        us1_0.estado,
        us1_0.fecha_actualizacion,
        us1_0.fecha_cancelacion,
        us1_0.fecha_creacion,
        us1_0.fin_periodo_actual,
        us1_0.id_cliente,
        us1_0.id_suscripcion,
        us1_0.inicio_periodo_actual,
        us1_0.plan_id,
        p1_0.id,
        p1_0.activo,
        p1_0.descripcion,
        p1_0.fecha_actualizacion,
        p1_0.fecha_creacion,
        p1_0.moneda,
        p1_0.nombre,
        p1_0.precio,
        us1_0.usuario_id,
        p2_0.suscripcion_id,
        p2_0.id,
        p2_0.banco,
        p2_0.codigo_autorizacion,
        p2_0.estado,
        p2_0.estado_pse,
        p2_0.fecha_creacion,
        p2_0.fecha_pago,
        p2_0.id_intento_pago,
        p2_0.metadatos,
        p2_0.metodo_pago,
        p2_0.moneda,
        p2_0.monto,
        p2_0.motivo_fallo,
        p2_0.numero_documento,
        p2_0.referencia_pse,
        p2_0.tipo_documento,
        p2_0.tipo_persona,
        p2_0.url_comprobante,
        p2_0.usuario_id 
    from
        suscripciones_usuarios us1_0 
    join
        planes_suscripcion p1_0 
            on p1_0.id=us1_0.plan_id 
    left join
        pagos p2_0 
            on us1_0.id=p2_0.suscripcion_id 
    where
        us1_0.id=?
2026-03-29T11:27:42.295-05:00  INFO 8856 --- [zabora-subscription-service] [-auto-1-exec-10] c.z.s.servicio.SuscripcionServicio       : Suscripcion creada - ID: 4f315857-90c4-477c-ad73-dafd8a7eb136, Estado: ACTIVA
2026-03-29T11:27:42.295-05:00 DEBUG 8856 --- [zabora-subscription-service] [-auto-1-exec-10] org.hibernate.SQL                        : 
    insert 
    into
        suscripciones_usuarios
        (cancelar_al_final_periodo, estado, fecha_actualizacion, fecha_cancelacion, fecha_creacion, fin_periodo_actual, id_cliente, id_suscripcion, inicio_periodo_actual, plan_id, usuario_id, id) 
    values
        (?, ?, ?, ?, ?, ?, ?, ?, ?, ?, ?, ?)
2026-03-29T11:27:42.295-05:00 DEBUG 8856 --- [zabora-subscription-service] [-auto-1-exec-10] o.s.w.s.m.m.a.HttpEntityMethodProcessor  : Using 'application/json', given [*/*] and supported [application/json, application/*+json]
2026-03-29T11:27:42.295-05:00 DEBUG 8856 --- [zabora-subscription-service] [-auto-1-exec-10] o.s.w.s.m.m.a.HttpEntityMethodProcessor  : Writing [RespuestaSuscripcionDTO(exito=true, mensaje=Suscripcion gratuita activada, idSuscripcion=4f315857-90 (truncated)...]
2026-03-29T11:27:42.295-05:00 DEBUG 8856 --- [zabora-subscription-service] [-auto-1-exec-10] o.s.web.servlet.DispatcherServlet        : Completed 200 OK
2026-03-29T11:27:42.313-05:00 DEBUG 8856 --- [zabora-subscription-service] [o-auto-1-exec-6] o.s.web.servlet.DispatcherServlet        : POST "/api/suscripciones/suscribir", parameters={}
2026-03-29T11:27:42.313-05:00 DEBUG 8856 --- [zabora-subscription-service] [o-auto-1-exec-6] s.w.s.m.m.a.RequestMappingHandlerMapping : Mapped to com.zabora.subscription.controlador.SuscripcionController#suscribirse(SolicitudSuscripcionDTO)
2026-03-29T11:27:42.313-05:00 DEBUG 8856 --- [zabora-subscription-service] [o-auto-1-exec-6] m.m.a.RequestResponseBodyMethodProcessor : Read "application/json;charset=UTF-8" to [SolicitudSuscripcionDTO(usuarioId=2003, nombrePlan=premium, tipoPago=TARJETA)]
2026-03-29T11:27:42.313-05:00  INFO 8856 --- [zabora-subscription-service] [o-auto-1-exec-6] c.z.s.controlador.SuscripcionController  : Solicitud de suscripcion - Plan: premium
2026-03-29T11:27:42.313-05:00  INFO 8856 --- [zabora-subscription-service] [o-auto-1-exec-6] c.z.s.servicio.SuscripcionServicio       : Creando suscripcion - Usuario: 2003, Plan: premium
2026-03-29T11:27:42.313-05:00 DEBUG 8856 --- [zabora-subscription-service] [o-auto-1-exec-6] org.hibernate.SQL                        : 
    select
        ps1_0.id,
        ps1_0.activo,
        ps1_0.descripcion,
        ps1_0.fecha_actualizacion,
        ps1_0.fecha_creacion,
        ps1_0.moneda,
        ps1_0.nombre,
        ps1_0.precio 
    from
        planes_suscripcion ps1_0 
    where
        upper(ps1_0.nombre)=upper(?)
2026-03-29T11:27:42.313-05:00 DEBUG 8856 --- [zabora-subscription-service] [o-auto-1-exec-6] org.hibernate.SQL                        : 
    select
        us1_0.id,
        us1_0.cancelar_al_final_periodo,
        us1_0.estado,
        us1_0.fecha_actualizacion,
        us1_0.fecha_cancelacion,
        us1_0.fecha_creacion,
        us1_0.fin_periodo_actual,
        us1_0.id_cliente,
        us1_0.id_suscripcion,
        us1_0.inicio_periodo_actual,
        us1_0.plan_id,
        us1_0.usuario_id 
    from
        suscripciones_usuarios us1_0 
    where
        us1_0.usuario_id=? 
        and us1_0.estado=?
2026-03-29T11:27:42.321-05:00 DEBUG 8856 --- [zabora-subscription-service] [o-auto-1-exec-6] org.hibernate.SQL                        : 
    select
        ps1_0.id,
        ps1_0.activo,
        ps1_0.descripcion,
        ps1_0.fecha_actualizacion,
        ps1_0.fecha_creacion,
        ps1_0.moneda,
        ps1_0.nombre,
        ps1_0.precio 
    from
        planes_suscripcion ps1_0 
    where
        ps1_0.id=?
2026-03-29T11:27:42.328-05:00  WARN 8856 --- [zabora-subscription-service] [o-auto-1-exec-6] c.z.s.controlador.SuscripcionController  : Error al suscribirse: El usuario ya tiene una suscripcion activa
2026-03-29T11:27:42.328-05:00 DEBUG 8856 --- [zabora-subscription-service] [o-auto-1-exec-6] o.s.w.s.m.m.a.HttpEntityMethodProcessor  : Using 'application/json', given [*/*] and supported [application/json, application/*+json]
2026-03-29T11:27:42.328-05:00 DEBUG 8856 --- [zabora-subscription-service] [o-auto-1-exec-6] o.s.w.s.m.m.a.HttpEntityMethodProcessor  : Writing [{error=El usuario ya tiene una suscripcion activa}]
2026-03-29T11:27:42.328-05:00 DEBUG 8856 --- [zabora-subscription-service] [o-auto-1-exec-6] o.s.web.servlet.DispatcherServlet        : Completed 400 BAD_REQUEST
2026-03-29T11:27:42.339-05:00 DEBUG 8856 --- [zabora-subscription-service] [o-auto-1-exec-7] o.s.web.servlet.DispatcherServlet        : POST "/api/suscripciones/suscribir", parameters={}
2026-03-29T11:27:42.339-05:00 DEBUG 8856 --- [zabora-subscription-service] [o-auto-1-exec-7] s.w.s.m.m.a.RequestMappingHandlerMapping : Mapped to com.zabora.subscription.controlador.SuscripcionController#suscribirse(SolicitudSuscripcionDTO)
2026-03-29T11:27:42.339-05:00 DEBUG 8856 --- [zabora-subscription-service] [o-auto-1-exec-7] m.m.a.RequestResponseBodyMethodProcessor : Read "application/json;charset=UTF-8" to [SolicitudSuscripcionDTO(usuarioId=2004, nombrePlan=PLAN_INEXISTENTE, tipoPago=TARJETA)]
2026-03-29T11:27:42.339-05:00  INFO 8856 --- [zabora-subscription-service] [o-auto-1-exec-7] c.z.s.controlador.SuscripcionController  : Solicitud de suscripcion - Plan: PLAN_INEXISTENTE
2026-03-29T11:27:42.339-05:00  INFO 8856 --- [zabora-subscription-service] [o-auto-1-exec-7] c.z.s.servicio.SuscripcionServicio       : Creando suscripcion - Usuario: 2004, Plan: PLAN_INEXISTENTE
2026-03-29T11:27:42.339-05:00 DEBUG 8856 --- [zabora-subscription-service] [o-auto-1-exec-7] org.hibernate.SQL                        : 
    select
        ps1_0.id,
        ps1_0.activo,
        ps1_0.descripcion,
        ps1_0.fecha_actualizacion,
        ps1_0.fecha_creacion,
        ps1_0.moneda,
        ps1_0.nombre,
        ps1_0.precio 
    from
        planes_suscripcion ps1_0 
    where
        upper(ps1_0.nombre)=upper(?)
2026-03-29T11:27:42.353-05:00  WARN 8856 --- [zabora-subscription-service] [o-auto-1-exec-7] c.z.s.controlador.SuscripcionController  : Error al suscribirse: Plan no encontrado: PLAN_INEXISTENTE. Disponibles: gratuito, premium
2026-03-29T11:27:42.353-05:00 DEBUG 8856 --- [zabora-subscription-service] [o-auto-1-exec-7] o.s.w.s.m.m.a.HttpEntityMethodProcessor  : Using 'application/json', given [*/*] and supported [application/json, application/*+json]
2026-03-29T11:27:42.353-05:00 DEBUG 8856 --- [zabora-subscription-service] [o-auto-1-exec-7] o.s.w.s.m.m.a.HttpEntityMethodProcessor  : Writing [{error=Plan no encontrado: PLAN_INEXISTENTE. Disponibles: gratuito, premium}]
2026-03-29T11:27:42.353-05:00 DEBUG 8856 --- [zabora-subscription-service] [o-auto-1-exec-7] o.s.web.servlet.DispatcherServlet        : Completed 400 BAD_REQUEST
2026-03-29T11:27:42.370-05:00 DEBUG 8856 --- [zabora-subscription-service] [o-auto-1-exec-8] o.s.web.servlet.DispatcherServlet        : POST "/api/suscripciones/suscribir", parameters={}
2026-03-29T11:27:42.370-05:00 DEBUG 8856 --- [zabora-subscription-service] [o-auto-1-exec-8] s.w.s.m.m.a.RequestMappingHandlerMapping : Mapped to com.zabora.subscription.controlador.SuscripcionController#suscribirse(SolicitudSuscripcionDTO)
2026-03-29T11:27:42.370-05:00 DEBUG 8856 --- [zabora-subscription-service] [o-auto-1-exec-8] m.m.a.RequestResponseBodyMethodProcessor : Read "application/json;charset=UTF-8" to [SolicitudSuscripcionDTO(usuarioId=2006, nombrePlan=, tipoPago=TARJETA)]
2026-03-29T11:27:42.385-05:00 DEBUG 8856 --- [zabora-subscription-service] [o-auto-1-exec-8] .m.m.a.ExceptionHandlerExceptionResolver : Using @ExceptionHandler com.zabora.subscription.controlador.GlobalExceptionHandler#handleValidation(MethodArgumentNotValidException)
2026-03-29T11:27:42.385-05:00  WARN 8856 --- [zabora-subscription-service] [o-auto-1-exec-8] c.z.s.c.GlobalExceptionHandler           : Validacion fallida: nombrePlan: El nombre del plan es obligatorio
2026-03-29T11:27:42.385-05:00 DEBUG 8856 --- [zabora-subscription-service] [o-auto-1-exec-8] o.s.w.s.m.m.a.HttpEntityMethodProcessor  : Using 'application/json', given [*/*] and supported [application/json, application/*+json]
2026-03-29T11:27:42.385-05:00 DEBUG 8856 --- [zabora-subscription-service] [o-auto-1-exec-8] o.s.w.s.m.m.a.HttpEntityMethodProcessor  : Writing [{status=400, detalle=nombrePlan: El nombre del plan es obligatorio, error=Datos invalidos}]
2026-03-29T11:27:42.385-05:00 DEBUG 8856 --- [zabora-subscription-service] [o-auto-1-exec-8] .m.m.a.ExceptionHandlerExceptionResolver : Resolved [org.springframework.web.bind.MethodArgumentNotValidException: Validation failed for argument [0] in public org.springframework.http.ResponseEntity<?> com.zabora.subscription.controlador.SuscripcionController.suscribirse(com.zabora.subscription.modelo.dto.SolicitudSuscripcionDTO): [Field error in object 'solicitudSuscripcionDTO' on field 'nombrePlan': rejected value []; codes [NotBlank.solicitudSuscripcionDTO.nombrePlan,NotBlank.nombrePlan,NotBlank.java.lang.String,NotBlank]; arguments [org.springframework.context.support.DefaultMessageSourceResolvable: codes [solicitudSuscripcionDTO.nombrePlan,nombrePlan]; arguments []; default message [nombrePlan]]; default message [El nombre del plan es obligatorio]] ]
2026-03-29T11:27:42.385-05:00 DEBUG 8856 --- [zabora-subscription-service] [o-auto-1-exec-8] o.s.web.servlet.DispatcherServlet        : Completed 400 BAD_REQUEST
========================================
CASO DE PRUEBA: CP032 - Selección de Método de Pago
========================================
Fecha ejecución: 29/03/2026 11:27
Responsable: Yuliana Yate

| Sub-caso | Resultado | Código HTTP | Datos clave |
|----------|-----------|-------------|-------------|
| CP032.1 - Tarjeta crédito autenticado | APROBO | 200 | estado: PENDIENTE_PAGO, requierePago: true |
| CP032.2 - PSE autenticado | APROBO | 200 | estado: PENDIENTE_PAGO, requierePago: true |
| CP032.3 - Sin autenticación | APROBO | 400 | Validación por falta de usuarioId |
| CP032.4 - Usuario ya activo | APROBO | 400 | Validación funcionando |
| CP032.5 - Plan inexistente | APROBO | 400 | Error validado correctamente |
| CP032.6 - Datos incompletos | APROBO | 400 | Validación de datos funcionando |

========================================
VEREDICTO GENERAL: APROBO
========================================

]]></system-out>
  </testcase>
</testsuite>