<?xml version="1.0" encoding="UTF-8"?>
<testsuite xmlns:xsi="http://www.w3.org/2001/XMLSchema-instance" xsi:noNamespaceSchemaLocation="https://maven.apache.org/surefire/maven-surefire-plugin/xsd/surefire-test-report-3.0.xsd" version="3.0" name="com.zabora.subscription.integration.controller.SuscripcionControladorIntegrationTest" time="0.045" tests="9" errors="0" skipped="9" failures="0">
  <properties/>
  <testcase name="debeCrearSuscripcionGratuitaYActivarla" classname="com.zabora.subscription.integration.controller.SuscripcionControladorIntegrationTest" time="0.0">
    <skipped message="disabledWithoutDocker is true and Docker is not available"/>
    <system-out><![CDATA[10:58:56.142 [main] INFO org.testcontainers.dockerclient.DockerMachineClientProviderStrategy -- docker-machine executable was not found on PATH ([C:\Users\josey\bin, C:\Program Files\Git\mingw64\bin, C:\Program Files\Git\usr\local\bin, C:\Program Files\Git\usr\bin, C:\Program Files\Git\usr\bin, C:\Program Files\Git\mingw64\bin, C:\Program Files\Git\usr\bin, C:\Users\josey\bin, C:\Users\josey\AppData\Roaming\Code\User\globalStorage\github.copilot-chat\debugCommand, C:\Users\josey\AppData\Roaming\Code\User\globalStorage\github.copilot-chat\copilotCli, C:\Users\josey\AppData\Local\Programs\Microsoft VS Code, C:\Program Files\Common Files\Oracle\Java\javapath, C:\Program Files (x86)\Intel\TXE Components\TCS, C:\Program Files\Intel\TXE Components\TCS, C:\Windows\system32, C:\Windows, C:\Windows\System32\Wbem, C:\Windows\System32\WindowsPowerShell\v1.0, C:\Windows\System32\OpenSSH, C:\Program Files\Git\cmd, C:\Program Files\nodejs, C:\Program Files\Microsoft SQL Server\150\Tools\Binn, C:\Program Files\Microsoft SQL Server\Client SDK\ODBC\170\Tools\Binn, C:\Program Files\dotnet, C:\Users\josey\AppData\Roaming\npm, C:\Program Files\Microsoft SQL Server\170\Tools\Binn, C:\Program Files\Memurai, C:\Users\josey\.local\bin, C:\Users\josey\AppData\Local\Programs\Python\Python313\Scripts, C:\Users\josey\AppData\Local\Programs\Python\Python313, C:\Users\josey\AppData\Local\Programs\Python\Launcher, C:\Users\josey\.fly\bin, C:\Users\josey\AppData\Local\Programs\Microsoft VS Code\bin, C:\Users\josey\.dotnet\tools, C:\Users\josey\AppData\Roaming\npm, C:\Users\josey\AppData\Local\Programs\Python\Python311, C:\consul, C:\Program Files\Apache\maven\apache-maven-3.9.11\bin, C:\Users\josey\.vscode\extensions\vscjava.vscode-java-debug-0.58.5\bundled\scripts\noConfigScriptsc, C:\Program Files\Git\Users\josey\.vscode\extensions\ms-python.debugpy-2025.18.0-win32-x64\bundled\scripts\noConfigScripts, C:\Program Files\Git\usr\bin\vendor_perl, C:\Program Files\Git\usr\bin\core_perl])
10:58:56.175 [main] ERROR org.testcontainers.dockerclient.DockerClientProviderStrategy -- Could not find a valid Docker environment. Please check configuration. Attempted configurations were:
As no valid configuration was found, execution cannot continue.
See https://java.testcontainers.org/on_failure.html for more details.
]]></system-out>
  </testcase>
  <testcase name="debeCrearSuscripcionPremiumPendiente" classname="com.zabora.subscription.integration.controller.SuscripcionControladorIntegrationTest" time="0.0">
    <skipped message="disabledWithoutDocker is true and Docker is not available"/>
  </testcase>
  <testcase name="segundaSuscripcionGratuitaIdempotente" classname="com.zabora.subscription.integration.controller.SuscripcionControladorIntegrationTest" time="0.0">
    <skipped message="disabledWithoutDocker is true and Docker is not available"/>
  </testcase>
  <testcase name="debeObtenerEstadoUsuario" classname="com.zabora.subscription.integration.controller.SuscripcionControladorIntegrationTest" time="0.0">
    <skipped message="disabledWithoutDocker is true and Docker is not available"/>
  </testcase>
  <testcase name="debeVerificarSuscripcionUsuario" classname="com.zabora.subscription.integration.controller.SuscripcionControladorIntegrationTest" time="0.0">
    <skipped message="disabledWithoutDocker is true and Docker is not available"/>
  </testcase>
  <testcase name="debeListarPlanes" classname="com.zabora.subscription.integration.controller.SuscripcionControladorIntegrationTest" time="0.0">
    <skipped message="disabledWithoutDocker is true and Docker is not available"/>
  </testcase>
  <testcase name="debeCancelarSuscripcionInmediata" classname="com.zabora.subscription.integration.controller.SuscripcionControladorIntegrationTest" time="0.0">
    <skipped message="disabledWithoutDocker is true and Docker is not available"/>
  </testcase>
  <testcase name="debeCancelarSuscripcionAlFinal" classname="com.zabora.subscription.integration.controller.SuscripcionControladorIntegrationTest" time="0.0">
    <skipped message="disabledWithoutDocker is true and Docker is not available"/>
  </testcase>
  <testcase name="debeRechazarEstadoSinAutenticacion" classname="com.zabora.subscription.integration.controller.SuscripcionControladorIntegrationTest" time="0.0">
    <skipped message="disabledWithoutDocker is true and Docker is not available"/>
  </testcase>
</testsuite>