<?xml version="1.0" encoding="UTF-8"?>
<testsuite xmlns:xsi="http://www.w3.org/2001/XMLSchema-instance" xsi:noNamespaceSchemaLocation="https://maven.apache.org/surefire/maven-surefire-plugin/xsd/surefire-test-report-3.0.xsd" version="3.0" name="com.zabora.subscription.integration.controller.WebhookControladorIntegrationTest" time="0.001" tests="3" errors="0" skipped="3" failures="0">
  <properties/>
  <testcase name="debeResponderHealthCheck" classname="com.zabora.subscription.integration.controller.WebhookControladorIntegrationTest" time="0.0">
    <skipped message="disabledWithoutDocker is true and Docker is not available"/>
  </testcase>
  <testcase name="debeProcesarPagoAprobado" classname="com.zabora.subscription.integration.controller.WebhookControladorIntegrationTest" time="0.0">
    <skipped message="disabledWithoutDocker is true and Docker is not available"/>
  </testcase>
  <testcase name="debeManejarNotificacionInvalida" classname="com.zabora.subscription.integration.controller.WebhookControladorIntegrationTest" time="0.0">
    <skipped message="disabledWithoutDocker is true and Docker is not available"/>
  </testcase>
</testsuite>