<?xml version="1.0" encoding="UTF-8"?>
<testsuite xmlns:xsi="http://www.w3.org/2001/XMLSchema-instance" xsi:noNamespaceSchemaLocation="https://maven.apache.org/surefire/maven-surefire-plugin/xsd/surefire-test-report-3.0.xsd" version="3.0" name="com.zabora.subscription.IntegrationTest" time="2.507" tests="6" errors="0" skipped="0" failures="3">
  <properties>
[...]
</properties>
  <testcase name="suscribirse_ConDatosValidos_DebeRetornar200" classname="com.zabora.subscription.IntegrationTest" time="0.044">
    <failure message="1 expectation failed.&#10;Expected status code &lt;200&gt; but was &lt;400&gt;.&#10;" type="java.lang.AssertionError"><![CDATA[java.lang.AssertionError: 
1 expectation failed.
Expected status code <200> but was <400>.

	at java.base/jdk.internal.reflect.DirectConstructorHandleAccessor.newInstance(DirectConstructorHandleAccessor.java:62)
	at java.base/java.lang.reflect.Constructor.newInstanceWithCaller(Constructor.java:502)
	at java.base/java.lang.reflect.Constructor.newInstance(Constructor.java:486)
	at org.codehaus.groovy.reflection.CachedConstructor.invoke(CachedConstructor.java:73)
	at org.codehaus.groovy.runtime.callsite.ConstructorSite$ConstructorSiteNoUnwrapNoCoerce.callConstructor(ConstructorSite.java:108)
	at org.codehaus.groovy.runtime.callsite.AbstractCallSite.callConstructor(AbstractCallSite.java:277)
	at io.restassured.internal.ResponseSpecificationImpl$HamcrestAssertionClosure.validate(ResponseSpecificationImpl.groovy:512)
	at io.restassured.internal.ResponseSpecificationImpl$HamcrestAssertionClosure$validate$1.call(Unknown Source)
	at io.restassured.internal.ResponseSpecificationImpl.validateResponseIfRequired(ResponseSpecificationImpl.groovy:696)
	at io.restassured.internal.ResponseSpecificationImpl.this$2$validateResponseIfRequired(ResponseSpecificationImpl.groovy)
	at java.base/jdk.internal.reflect.DirectMethodHandleAccessor.invoke(DirectMethodHandleAccessor.java:103)
	at java.base/java.lang.reflect.Method.invoke(Method.java:580)
	at org.codehaus.groovy.runtime.callsite.PlainObjectMetaMethodSite.doInvoke(PlainObjectMetaMethodSite.java:43)
	at org.codehaus.groovy.runtime.callsite.PogoMetaMethodSite$PogoCachedMethodSiteNoUnwrapNoCoerce.invoke(PogoMetaMethodSite.java:198)
	at org.codehaus.groovy.runtime.callsite.PogoMetaMethodSite.callCurrent(PogoMetaMethodSite.java:62)
	at org.codehaus.groovy.runtime.callsite.AbstractCallSite.callCurrent(AbstractCallSite.java:185)
	at io.restassured.internal.ResponseSpecificationImpl.statusCode(ResponseSpecificationImpl.groovy:135)
	at io.restassured.specification.ResponseSpecification$statusCode$1.callCurrent(Unknown Source)
	at io.restassured.internal.ResponseSpecificationImpl.statusCode(ResponseSpecificationImpl.groovy:143)
	at io.restassured.internal.ValidatableResponseOptionsImpl.statusCode(ValidatableResponseOptionsImpl.java:89)
	at com.zabora.subscription.IntegrationTest.suscribirse_ConDatosValidos_DebeRetornar200(IntegrationTest.java:78)
	at java.base/java.lang.reflect.Method.invoke(Method.java:580)
	at java.base/java.util.ArrayList.forEach(ArrayList.java:1596)
	at java.base/java.util.ArrayList.forEach(ArrayList.java:1596)
]]></failure>
    <system-out><![CDATA[2026-03-29T11:27:47.288-05:00  INFO 8856 --- [zabora-subscription-service] [           main] t.c.s.AnnotationConfigContextLoaderUtils : Could not detect default configuration classes for test class [com.zabora.subscription.IntegrationTest]: IntegrationTest does not declare any static, non-private, non-final, nested classes annotated with @Configuration.
2026-03-29T11:27:47.297-05:00  INFO 8856 --- [zabora-subscription-service] [           main] .b.t.c.SpringBootTestContextBootstrapper : Found @SpringBootConfiguration com.zabora.subscription.ZaboraSubscriptionApplication for test class com.zabora.subscription.IntegrationTest
2026-03-29T11:27:47.301-05:00  INFO 8856 --- [zabora-subscription-service] [           main] o.s.b.d.r.RestartApplicationListener     : Restart disabled due to context in which it is running

  .   ____          _            __ _ _
 /\\ / ___'_ __ _ _(_)_ __  __ _ \ \ \ \
( ( )\___ | '_ | '_| | '_ \/ _` | \ \ \ \
 \\/  ___)| |_)| | | | | || (_| |  ) ) ) )
  '  |____| .__|_| |_|_| |_\__, | / / / /
 =========|_|==============|___/=/_/_/_/

 :: Spring Boot ::                (v3.3.5)

2026-03-29T11:27:47.340-05:00  INFO 8856 --- [zabora-subscription-service] [           main] c.zabora.subscription.IntegrationTest    : Starting IntegrationTest using Java 21.0.8 with PID 8856 (started by PAULA in C:\zabora\suscription-service)
2026-03-29T11:27:47.340-05:00 DEBUG 8856 --- [zabora-subscription-service] [           main] c.zabora.subscription.IntegrationTest    : Running with Spring Boot v3.3.5, Spring v6.1.14
2026-03-29T11:27:47.340-05:00  INFO 8856 --- [zabora-subscription-service] [           main] c.zabora.subscription.IntegrationTest    : No active profile set, falling back to 1 default profile: "default"
2026-03-29T11:27:47.694-05:00 DEBUG 8856 --- [zabora-subscription-service] [           main] o.s.c.openfeign.FeignClientsRegistrar$1  : Identified candidate component class: file [C:\zabora\suscription-service\target\classes\com\zabora\subscription\repositorio\AuthClient.class]
2026-03-29T11:27:47.768-05:00  INFO 8856 --- [zabora-subscription-service] [           main] .s.d.r.c.RepositoryConfigurationDelegate : Bootstrapping Spring Data JPA repositories in DEFAULT mode.
2026-03-29T11:27:47.783-05:00  INFO 8856 --- [zabora-subscription-service] [           main] .s.d.r.c.RepositoryConfigurationDelegate : Finished Spring Data repository scanning in 17 ms. Found 3 JPA repository interfaces.
2026-03-29T11:27:47.870-05:00  INFO 8856 --- [zabora-subscription-service] [           main] o.s.cloud.context.scope.GenericScope     : BeanFactory id=ccffdd33-5a06-336d-b591-1d0cc47b54e3
2026-03-29T11:27:47.916-05:00  WARN 8856 --- [zabora-subscription-service] [           main] trationDelegate$BeanPostProcessorChecker : Bean 'org.springframework.cloud.client.loadbalancer.LoadBalancerAutoConfiguration$DeferringLoadBalancerInterceptorConfig' of type [org.springframework.cloud.client.loadbalancer.LoadBalancerAutoConfiguration$DeferringLoadBalancerInterceptorConfig] is not eligible for getting processed by all BeanPostProcessors (for example: not eligible for auto-proxying). The currently created BeanPostProcessor [lbRestClientPostProcessor] is declared through a non-static factory method on that class; consider declaring it as static instead.
2026-03-29T11:27:47.916-05:00  WARN 8856 --- [zabora-subscription-service] [           main] trationDelegate$BeanPostProcessorChecker : Bean 'deferringLoadBalancerInterceptor' of type [org.springframework.cloud.client.loadbalancer.DeferringLoadBalancerInterceptor] is not eligible for getting processed by all BeanPostProcessors (for example: not eligible for auto-proxying). Is this bean getting eagerly injected/applied to a currently created BeanPostProcessor [lbRestClientPostProcessor]? Check the corresponding BeanPostProcessor declaration and its dependencies/advisors. If this bean does not have to be post-processed, declare it with ROLE_INFRASTRUCTURE.
2026-03-29T11:27:47.980-05:00  INFO 8856 --- [zabora-subscription-service] [           main] o.s.b.w.embedded.tomcat.TomcatWebServer  : Tomcat initialized with port 0 (http)
2026-03-29T11:27:47.980-05:00  INFO 8856 --- [zabora-subscription-service] [           main] o.apache.catalina.core.StandardService   : Starting service [Tomcat]
2026-03-29T11:27:47.980-05:00  INFO 8856 --- [zabora-subscription-service] [           main] o.apache.catalina.core.StandardEngine    : Starting Servlet engine: [Apache Tomcat/10.1.31]
2026-03-29T11:27:48.020-05:00  INFO 8856 --- [zabora-subscription-service] [           main] o.a.c.c.C.[Tomcat-1].[localhost].[/]     : Initializing Spring embedded WebApplicationContext
2026-03-29T11:27:48.020-05:00  INFO 8856 --- [zabora-subscription-service] [           main] w.s.c.ServletWebServerApplicationContext : Root WebApplicationContext: initialization completed in 680 ms
2026-03-29T11:27:48.144-05:00 DEBUG 8856 --- [zabora-subscription-service] [           main] c.z.subscription.data.UserContextFilter  : Filter 'userContextFilter' configured for use
2026-03-29T11:27:48.162-05:00  INFO 8856 --- [zabora-subscription-service] [           main] com.zaxxer.hikari.HikariDataSource       : HikariPool-2 - Starting...
2026-03-29T11:27:48.328-05:00  INFO 8856 --- [zabora-subscription-service] [           main] com.zaxxer.hikari.pool.HikariPool        : HikariPool-2 - Added connection com.mysql.cj.jdbc.ConnectionImpl@4b38610f
2026-03-29T11:27:48.328-05:00  INFO 8856 --- [zabora-subscription-service] [           main] com.zaxxer.hikari.HikariDataSource       : HikariPool-2 - Start completed.
2026-03-29T11:27:48.344-05:00  INFO 8856 --- [zabora-subscription-service] [           main] o.hibernate.jpa.internal.util.LogHelper  : HHH000204: Processing PersistenceUnitInfo [name: default]
2026-03-29T11:27:48.352-05:00  INFO 8856 --- [zabora-subscription-service] [           main] o.h.c.internal.RegionFactoryInitiator    : HHH000026: Second-level cache disabled
2026-03-29T11:27:48.361-05:00  INFO 8856 --- [zabora-subscription-service] [           main] o.s.o.j.p.SpringPersistenceUnitInfo      : No LoadTimeWeaver setup: ignoring JPA class transformer
2026-03-29T11:27:48.398-05:00  WARN 8856 --- [zabora-subscription-service] [           main] org.hibernate.dialect.Dialect            : HHH000511: The 5.5.5 version for [org.hibernate.dialect.MySQLDialect] is no longer supported, hence certain features may not work properly. The minimum supported version is 8.0.0. Check the community dialects project for available legacy versions.
2026-03-29T11:27:48.398-05:00  WARN 8856 --- [zabora-subscription-service] [           main] org.hibernate.orm.deprecation            : HHH90000025: MySQLDialect does not need to be specified explicitly using 'hibernate.dialect' (remove the property setting and it will be selected by default)
2026-03-29T11:27:48.614-05:00  INFO 8856 --- [zabora-subscription-service] [           main] o.h.e.t.j.p.i.JtaPlatformInitiator       : HHH000489: No JTA platform available (set 'hibernate.transaction.jta.platform' to enable JTA platform integration)
2026-03-29T11:27:48.734-05:00 DEBUG 8856 --- [zabora-subscription-service] [           main] org.hibernate.SQL                        : 
    alter table pagos 
       modify column metadatos LONGTEXT
Hibernate: 
    alter table pagos 
       modify column metadatos LONGTEXT
2026-03-29T11:27:48.745-05:00 DEBUG 8856 --- [zabora-subscription-service] [           main] org.hibernate.SQL                        : 
    alter table planes_suscripcion 
       modify column descripcion TEXT
Hibernate: 
    alter table planes_suscripcion 
       modify column descripcion TEXT
2026-03-29T11:27:48.768-05:00  INFO 8856 --- [zabora-subscription-service] [           main] j.LocalContainerEntityManagerFactoryBean : Initialized JPA EntityManagerFactory for persistence unit 'default'
2026-03-29T11:27:48.772-05:00  INFO 8856 --- [zabora-subscription-service] [           main] c.z.s.config.MercadoPagoConfiguration    : MercadoPago SDK inicializado. Token termina en: ...648585
2026-03-29T11:27:48.915-05:00 DEBUG 8856 --- [zabora-subscription-service] [           main] o.s.c.openfeign.FeignClientFactoryBean   : Creating a FeignClientFactoryBean.
2026-03-29T11:27:49.076-05:00  INFO 8856 --- [zabora-subscription-service] [           main] o.s.c.openfeign.FeignClientFactoryBean   : For 'auth-service' URL not provided. Will try picking an instance via load-balancing.
2026-03-29T11:27:49.148-05:00  WARN 8856 --- [zabora-subscription-service] [           main] .s.s.UserDetailsServiceAutoConfiguration : 

Using generated security password: a58c07be-0bb9-49a6-a1f5-83393612e5e5

This generated password is for development use only. Your security configuration must be updated before running your application in production.

2026-03-29T11:27:49.148-05:00  INFO 8856 --- [zabora-subscription-service] [           main] r$InitializeUserDetailsManagerConfigurer : Global AuthenticationManager configured with UserDetailsService bean with name inMemoryUserDetailsManager
2026-03-29T11:27:49.309-05:00  INFO 8856 --- [zabora-subscription-service] [           main] o.s.b.a.e.web.EndpointLinksResolver      : Exposing 2 endpoints beneath base path '/actuator'
2026-03-29T11:27:49.594-05:00  WARN 8856 --- [zabora-subscription-service] [           main] iguration$LoadBalancerCaffeineWarnLogger : Spring Cloud LoadBalancer is currently working with the default cache. While this cache implementation is useful for development and tests, it's recommended to use Caffeine cache in production.You can switch to using Caffeine cache, by adding it and org.springframework.cache.caffeine.CaffeineCacheManager to the classpath.
2026-03-29T11:27:49.629-05:00  INFO 8856 --- [zabora-subscription-service] [           main] o.s.b.w.embedded.tomcat.TomcatWebServer  : Tomcat started on port 63486 (http) with context path '/'
2026-03-29T11:27:49.632-05:00  INFO 8856 --- [zabora-subscription-service] [           main] o.s.c.c.s.ConsulServiceRegistry          : Registering service with consul: NewService{id='zabora-subscription-service-0', name='zabora-subscription-service', tags=[], address='172.17.176.1', meta={secure=false}, port=63486, enableTagOverride=null, check=Check{script='null', dockerContainerID='null', shell='null', interval='10s', ttl='null', http='http://172.17.176.1:63486/actuator/health', method='null', header={}, tcp='null', timeout='null', deregisterCriticalServiceAfter='null', tlsSkipVerify=null, status='null', grpc='null', grpcUseTLS=null}, checks=null}
2026-03-29T11:27:49.649-05:00  INFO 8856 --- [zabora-subscription-service] [           main] c.zabora.subscription.IntegrationTest    : Started IntegrationTest in 2.348 seconds (process running for 26.616)
2026-03-29T11:27:49.665-05:00  INFO 8856 --- [zabora-subscription-service] [o-auto-2-exec-1] o.a.c.c.C.[Tomcat-1].[localhost].[/]     : Initializing Spring DispatcherServlet 'dispatcherServlet'
2026-03-29T11:27:49.665-05:00  INFO 8856 --- [zabora-subscription-service] [o-auto-2-exec-1] o.s.web.servlet.DispatcherServlet        : Initializing Servlet 'dispatcherServlet'
2026-03-29T11:27:49.667-05:00  INFO 8856 --- [zabora-subscription-service] [o-auto-2-exec-1] o.s.web.servlet.DispatcherServlet        : Completed initialization in 2 ms
2026-03-29T11:27:49.674-05:00  INFO 8856 --- [zabora-subscription-service] [o-auto-2-exec-1] c.z.s.controlador.SuscripcionController  : Solicitud de suscripcion - Plan: gratuito
2026-03-29T11:27:49.674-05:00  INFO 8856 --- [zabora-subscription-service] [o-auto-2-exec-1] c.z.s.servicio.SuscripcionServicio       : Creando suscripcion - Usuario: 1, Plan: gratuito
2026-03-29T11:27:49.679-05:00 DEBUG 8856 --- [zabora-subscription-service] [o-auto-2-exec-1] org.hibernate.SQL                        : 
    select
        ps1_0.id,
        ps1_0.activo,
        ps1_0.descripcion,
        ps1_0.fecha_actualizacion,
        ps1_0.fecha_creacion,
        ps1_0.moneda,
        ps1_0.nombre,
        ps1_0.precio 
    from
        planes_suscripcion ps1_0 
    where
        upper(ps1_0.nombre)=upper(?)
Hibernate: 
    select
        ps1_0.id,
        ps1_0.activo,
        ps1_0.descripcion,
        ps1_0.fecha_actualizacion,
        ps1_0.fecha_creacion,
        ps1_0.moneda,
        ps1_0.nombre,
        ps1_0.precio 
    from
        planes_suscripcion ps1_0 
    where
        upper(ps1_0.nombre)=upper(?)
2026-03-29T11:27:49.685-05:00 DEBUG 8856 --- [zabora-subscription-service] [o-auto-2-exec-1] org.hibernate.SQL                        : 
    select
        us1_0.id,
        us1_0.cancelar_al_final_periodo,
        us1_0.estado,
        us1_0.fecha_actualizacion,
        us1_0.fecha_cancelacion,
        us1_0.fecha_creacion,
        us1_0.fin_periodo_actual,
        us1_0.id_cliente,
        us1_0.id_suscripcion,
        us1_0.inicio_periodo_actual,
        us1_0.plan_id,
        us1_0.usuario_id 
    from
        suscripciones_usuarios us1_0 
    where
        us1_0.usuario_id=? 
        and us1_0.estado=?
Hibernate: 
    select
        us1_0.id,
        us1_0.cancelar_al_final_periodo,
        us1_0.estado,
        us1_0.fecha_actualizacion,
        us1_0.fecha_cancelacion,
        us1_0.fecha_creacion,
        us1_0.fin_periodo_actual,
        us1_0.id_cliente,
        us1_0.id_suscripcion,
        us1_0.inicio_periodo_actual,
        us1_0.plan_id,
        us1_0.usuario_id 
    from
        suscripciones_usuarios us1_0 
    where
        us1_0.usuario_id=? 
        and us1_0.estado=?
2026-03-29T11:27:49.690-05:00  WARN 8856 --- [zabora-subscription-service] [o-auto-2-exec-1] c.z.s.controlador.SuscripcionController  : Error al suscribirse: El usuario ya tiene una suscripcion activa
Request method:	POST
Request URI:	http://localhost:63486/api/suscripciones/suscribir
Proxy:			<none>
Request params:	<none>
Query params:	<none>
Form params:	<none>
Path params:	<none>
Headers:		X-User-Id=1
				X-User-Email=test@example.com
				X-User-Role=USER
				Accept=*/*
				Content-Type=application/json
Cookies:		<none>
Multiparts:		<none>
Body:
{
    "nombrePlan": "gratuito",
    "tipoPago": "free"
}

HTTP/1.1 400 
X-Content-Type-Options: nosniff
X-XSS-Protection: 0
Cache-Control: no-cache, no-store, max-age=0, must-revalidate
Pragma: no-cache
Expires: 0
X-Frame-Options: DENY
Content-Type: application/json
Transfer-Encoding: chunked
Date: Sun, 29 Mar 2026 16:27:49 GMT
Connection: close

{
    "error": "El usuario ya tiene una suscripcion activa"
}
]]></system-out>
  </testcase>
  <testcase name="getEstado_SinHeaders_DebeRetornar400" classname="com.zabora.subscription.IntegrationTest" time="0.013">
    <failure message="1 expectation failed.&#10;Expected status code &lt;400&gt; but was &lt;401&gt;.&#10;" type="java.lang.AssertionError"><![CDATA[java.lang.AssertionError: 
1 expectation failed.
Expected status code <400> but was <401>.

	at java.base/jdk.internal.reflect.DirectConstructorHandleAccessor.newInstance(DirectConstructorHandleAccessor.java:62)
	at java.base/java.lang.reflect.Constructor.newInstanceWithCaller(Constructor.java:502)
	at java.base/java.lang.reflect.Constructor.newInstance(Constructor.java:486)
	at org.codehaus.groovy.reflection.CachedConstructor.invoke(CachedConstructor.java:73)
	at org.codehaus.groovy.runtime.callsite.ConstructorSite$ConstructorSiteNoUnwrapNoCoerce.callConstructor(ConstructorSite.java:108)
	at org.codehaus.groovy.runtime.callsite.AbstractCallSite.callConstructor(AbstractCallSite.java:277)
	at io.restassured.internal.ResponseSpecificationImpl$HamcrestAssertionClosure.validate(ResponseSpecificationImpl.groovy:512)
	at io.restassured.internal.ResponseSpecificationImpl$HamcrestAssertionClosure$validate$1.call(Unknown Source)
	at io.restassured.internal.ResponseSpecificationImpl.validateResponseIfRequired(ResponseSpecificationImpl.groovy:696)
	at io.restassured.internal.ResponseSpecificationImpl.this$2$validateResponseIfRequired(ResponseSpecificationImpl.groovy)
	at java.base/jdk.internal.reflect.DirectMethodHandleAccessor.invoke(DirectMethodHandleAccessor.java:103)
	at java.base/java.lang.reflect.Method.invoke(Method.java:580)
	at org.codehaus.groovy.runtime.callsite.PlainObjectMetaMethodSite.doInvoke(PlainObjectMetaMethodSite.java:43)
	at org.codehaus.groovy.runtime.callsite.PogoMetaMethodSite$PogoCachedMethodSiteNoUnwrapNoCoerce.invoke(PogoMetaMethodSite.java:198)
	at org.codehaus.groovy.runtime.callsite.PogoMetaMethodSite.callCurrent(PogoMetaMethodSite.java:62)
	at org.codehaus.groovy.runtime.callsite.AbstractCallSite.callCurrent(AbstractCallSite.java:185)
	at io.restassured.internal.ResponseSpecificationImpl.statusCode(ResponseSpecificationImpl.groovy:135)
	at io.restassured.specification.ResponseSpecification$statusCode$1.callCurrent(Unknown Source)
	at io.restassured.internal.ResponseSpecificationImpl.statusCode(ResponseSpecificationImpl.groovy:143)
	at io.restassured.internal.ValidatableResponseOptionsImpl.statusCode(ValidatableResponseOptionsImpl.java:89)
	at com.zabora.subscription.IntegrationTest.getEstado_SinHeaders_DebeRetornar400(IntegrationTest.java:60)
	at java.base/java.lang.reflect.Method.invoke(Method.java:580)
	at java.base/java.util.ArrayList.forEach(ArrayList.java:1596)
	at java.base/java.util.ArrayList.forEach(ArrayList.java:1596)
]]></failure>
    <system-out><![CDATA[Request method:	GET
Request URI:	http://localhost:63486/api/suscripciones/estado
Proxy:			<none>
Request params:	<none>
Query params:	<none>
Form params:	<none>
Path params:	<none>
Headers:		Accept=*/*
Cookies:		<none>
Multiparts:		<none>
Body:			<none>

HTTP/1.1 401 
X-Content-Type-Options: nosniff
X-XSS-Protection: 0
Cache-Control: no-cache, no-store, max-age=0, must-revalidate
Pragma: no-cache
Expires: 0
X-Frame-Options: DENY
Content-Type: application/json
Transfer-Encoding: chunked
Date: Sun, 29 Mar 2026 16:27:49 GMT
Keep-Alive: timeout=60
Connection: keep-alive

{
    "error": "Usuario no autenticado"
}
]]></system-out>
  </testcase>
  <testcase name="getPlanes_DebeRetornar200" classname="com.zabora.subscription.IntegrationTest" time="0.018">
    <system-out><![CDATA[2026-03-29T11:27:49.711-05:00  INFO 8856 --- [zabora-subscription-service] [o-auto-2-exec-3] c.z.s.controlador.PlanesController       : Consultando planes
2026-03-29T11:27:49.711-05:00 DEBUG 8856 --- [zabora-subscription-service] [o-auto-2-exec-3] org.hibernate.SQL                        : 
    select
        ps1_0.id,
        ps1_0.activo,
        ps1_0.descripcion,
        ps1_0.fecha_actualizacion,
        ps1_0.fecha_creacion,
        ps1_0.moneda,
        ps1_0.nombre,
        ps1_0.precio 
    from
        planes_suscripcion ps1_0 
    where
        ps1_0.activo
Hibernate: 
    select
        ps1_0.id,
        ps1_0.activo,
        ps1_0.descripcion,
        ps1_0.fecha_actualizacion,
        ps1_0.fecha_creacion,
        ps1_0.moneda,
        ps1_0.nombre,
        ps1_0.precio 
    from
        planes_suscripcion ps1_0 
    where
        ps1_0.activo
]]></system-out>
  </testcase>
  <testcase name="suscribirse_SinHeaders_DebeRetornar400" classname="com.zabora.subscription.IntegrationTest" time="0.02">
    <system-out><![CDATA[2026-03-29T11:27:49.739-05:00  INFO 8856 --- [zabora-subscription-service] [o-auto-2-exec-4] c.z.s.controlador.SuscripcionController  : Solicitud de suscripcion - Plan: premium
2026-03-29T11:27:49.739-05:00  WARN 8856 --- [zabora-subscription-service] [o-auto-2-exec-4] c.z.s.controlador.SuscripcionController  : Error al suscribirse: No se pudo determinar el usuario. Verifica que el gateway envie X-User-Id.
]]></system-out>
  </testcase>
  <testcase name="suscribirse_DatosInvalidos_DebeRetornar400" classname="com.zabora.subscription.IntegrationTest" time="0.013">
    <system-out><![CDATA[2026-03-29T11:27:49.753-05:00  WARN 8856 --- [zabora-subscription-service] [o-auto-2-exec-5] c.z.s.c.GlobalExceptionHandler           : Validacion fallida: nombrePlan: El nombre del plan es obligatorio
]]></system-out>
  </testcase>
  <testcase name="getEstado_ConHeadersValidos_DebeRetornar200" classname="com.zabora.subscription.IntegrationTest" time="0.038">
    <failure message="1 expectation failed.&#10;JSON path es_premium doesn&apos;t match.&#10;Expected: is an instance of java.lang.Boolean&#10;  Actual: null&#10;" type="java.lang.AssertionError"><![CDATA[java.lang.AssertionError: 
1 expectation failed.
JSON path es_premium doesn't match.
Expected: is an instance of java.lang.Boolean
  Actual: null

	at java.base/jdk.internal.reflect.DirectConstructorHandleAccessor.newInstance(DirectConstructorHandleAccessor.java:62)
	at java.base/java.lang.reflect.Constructor.newInstanceWithCaller(Constructor.java:502)
	at java.base/java.lang.reflect.Constructor.newInstance(Constructor.java:486)
	at org.codehaus.groovy.reflection.CachedConstructor.invoke(CachedConstructor.java:73)
	at org.codehaus.groovy.runtime.callsite.ConstructorSite$ConstructorSiteNoUnwrapNoCoerce.callConstructor(ConstructorSite.java:108)
	at org.codehaus.groovy.runtime.callsite.AbstractCallSite.callConstructor(AbstractCallSite.java:277)
	at io.restassured.internal.ResponseSpecificationImpl$HamcrestAssertionClosure.validate(ResponseSpecificationImpl.groovy:512)
	at io.restassured.internal.ResponseSpecificationImpl$HamcrestAssertionClosure$validate$1.call(Unknown Source)
	at io.restassured.internal.ResponseSpecificationImpl.validateResponseIfRequired(ResponseSpecificationImpl.groovy:696)
	at io.restassured.internal.ResponseSpecificationImpl.this$2$validateResponseIfRequired(ResponseSpecificationImpl.groovy)
	at java.base/jdk.internal.reflect.DirectMethodHandleAccessor.invoke(DirectMethodHandleAccessor.java:103)
	at java.base/java.lang.reflect.Method.invoke(Method.java:580)
	at org.codehaus.groovy.runtime.callsite.PlainObjectMetaMethodSite.doInvoke(PlainObjectMetaMethodSite.java:43)
	at org.codehaus.groovy.runtime.callsite.PogoMetaMethodSite$PogoCachedMethodSiteNoUnwrapNoCoerce.invoke(PogoMetaMethodSite.java:198)
	at org.codehaus.groovy.runtime.callsite.PogoMetaMethodSite.callCurrent(PogoMetaMethodSite.java:62)
	at org.codehaus.groovy.runtime.callsite.AbstractCallSite.callCurrent(AbstractCallSite.java:185)
	at io.restassured.internal.ResponseSpecificationImpl.body(ResponseSpecificationImpl.groovy:270)
	at io.restassured.specification.ResponseSpecification$body$2.callCurrent(Unknown Source)
	at io.restassured.internal.ResponseSpecificationImpl.body(ResponseSpecificationImpl.groovy:117)
	at io.restassured.internal.ValidatableResponseOptionsImpl.body(ValidatableResponseOptionsImpl.java:244)
	at com.zabora.subscription.IntegrationTest.getEstado_ConHeadersValidos_DebeRetornar200(IntegrationTest.java:50)
	at java.base/java.lang.reflect.Method.invoke(Method.java:580)
	at java.base/java.util.ArrayList.forEach(ArrayList.java:1596)
	at java.base/java.util.ArrayList.forEach(ArrayList.java:1596)
]]></failure>
    <system-out><![CDATA[2026-03-29T11:27:49.761-05:00  INFO 8856 --- [zabora-subscription-service] [o-auto-2-exec-6] c.z.s.controlador.SuscripcionController  : Consultando estado - Usuario: 1
2026-03-29T11:27:49.761-05:00  INFO 8856 --- [zabora-subscription-service] [o-auto-2-exec-6] c.z.s.servicio.SuscripcionServicio       : Consultando estado - Usuario: 1
2026-03-29T11:27:49.768-05:00 DEBUG 8856 --- [zabora-subscription-service] [o-auto-2-exec-6] org.hibernate.SQL                        : 
    select
        us1_0.id,
        us1_0.cancelar_al_final_periodo,
        us1_0.estado,
        us1_0.fecha_actualizacion,
        us1_0.fecha_cancelacion,
        us1_0.fecha_creacion,
        us1_0.fin_periodo_actual,
        us1_0.id_cliente,
        us1_0.id_suscripcion,
        us1_0.inicio_periodo_actual,
        us1_0.plan_id,
        us1_0.usuario_id 
    from
        suscripciones_usuarios us1_0 
    where
        us1_0.usuario_id=? 
        and us1_0.estado=?
Hibernate: 
    select
        us1_0.id,
        us1_0.cancelar_al_final_periodo,
        us1_0.estado,
        us1_0.fecha_actualizacion,
        us1_0.fecha_cancelacion,
        us1_0.fecha_creacion,
        us1_0.fin_periodo_actual,
        us1_0.id_cliente,
        us1_0.id_suscripcion,
        us1_0.inicio_periodo_actual,
        us1_0.plan_id,
        us1_0.usuario_id 
    from
        suscripciones_usuarios us1_0 
    where
        us1_0.usuario_id=? 
        and us1_0.estado=?
2026-03-29T11:27:49.769-05:00 DEBUG 8856 --- [zabora-subscription-service] [o-auto-2-exec-6] org.hibernate.SQL                        : 
    select
        ps1_0.id,
        ps1_0.activo,
        ps1_0.descripcion,
        ps1_0.fecha_actualizacion,
        ps1_0.fecha_creacion,
        ps1_0.moneda,
        ps1_0.nombre,
        ps1_0.precio 
    from
        planes_suscripcion ps1_0 
    where
        ps1_0.id=?
Hibernate: 
    select
        ps1_0.id,
        ps1_0.activo,
        ps1_0.descripcion,
        ps1_0.fecha_actualizacion,
        ps1_0.fecha_creacion,
        ps1_0.moneda,
        ps1_0.nombre,
        ps1_0.precio 
    from
        planes_suscripcion ps1_0 
    where
        ps1_0.id=?
Request method:	GET
Request URI:	http://localhost:63486/api/suscripciones/estado
Proxy:			<none>
Request params:	<none>
Query params:	<none>
Form params:	<none>
Path params:	<none>
Headers:		X-User-Id=1
				X-User-Email=test@example.com
				X-User-Role=USER
				Accept=*/*
Cookies:		<none>
Multiparts:		<none>
Body:			<none>

HTTP/1.1 200 
X-Content-Type-Options: nosniff
X-XSS-Protection: 0
Cache-Control: no-cache, no-store, max-age=0, must-revalidate
Pragma: no-cache
Expires: 0
X-Frame-Options: DENY
Content-Type: application/json
Transfer-Encoding: chunked
Date: Sun, 29 Mar 2026 16:27:49 GMT
Keep-Alive: timeout=60
Connection: keep-alive

{
    "exito": true,
    "mensaje": null,
    "idSuscripcion": "6bef0cd3-9b6e-4c49-95a0-cb6e6e4ef6e7",
    "plan": "gratuito",
    "estado": "ACTIVA",
    "fechaInicio": "2026-03-29T10:31:22",
    "fechaExpiracion": "2126-03-29T10:31:22",
    "diasRestantes": 36523,
    "horasRestantes": 876575,
    "cancelarAlFinalPeriodo": false,
    "fechaEfectoCancelacion": null,
    "horasHastaCancelacion": null,
    "requierePago": false,
    "fechaCancelacion": null
}
]]></system-out>
  </testcase>
</testsuite>