<?xml version="1.0" encoding="UTF-8"?>
<testsuite xmlns:xsi="http://www.w3.org/2001/XMLSchema-instance" xsi:noNamespaceSchemaLocation="https://maven.apache.org/surefire/maven-surefire-plugin/xsd/surefire-test-report-3.0.xsd" version="3.0" name="com.zabora.subscription.integration.controller.SuscripcionControladorIntegrationTest" time="0.0" tests="9" errors="0" skipped="9" failures="0">
  <properties/>
  <testcase name="debeCrearSuscripcionGratuitaYActivarla" classname="com.zabora.subscription.integration.controller.SuscripcionControladorIntegrationTest" time="0.0">
    <skipped message="disabledWithoutDocker is true and Docker is not available"/>
  </testcase>
  <testcase name="debeCrearSuscripcionPremiumPendiente" classname="com.zabora.subscription.integration.controller.SuscripcionControladorIntegrationTest" time="0.0">
    <skipped message="disabledWithoutDocker is true and Docker is not available"/>
  </testcase>
  <testcase name="segundaSuscripcionGratuitaIdempotente" classname="com.zabora.subscription.integration.controller.SuscripcionControladorIntegrationTest" time="0.0">
    <skipped message="disabledWithoutDocker is true and Docker is not available"/>
  </testcase>
  <testcase name="debeObtenerEstadoUsuario" classname="com.zabora.subscription.integration.controller.SuscripcionControladorIntegrationTest" time="0.0">
    <skipped message="disabledWithoutDocker is true and Docker is not available"/>
  </testcase>
  <testcase name="debeVerificarSuscripcionUsuario" classname="com.zabora.subscription.integration.controller.SuscripcionControladorIntegrationTest" time="0.0">
    <skipped message="disabledWithoutDocker is true and Docker is not available"/>
  </testcase>
  <testcase name="debeListarPlanes" classname="com.zabora.subscription.integration.controller.SuscripcionControladorIntegrationTest" time="0.0">
    <skipped message="disabledWithoutDocker is true and Docker is not available"/>
  </testcase>
  <testcase name="debeCancelarSuscripcionInmediata" classname="com.zabora.subscription.integration.controller.SuscripcionControladorIntegrationTest" time="0.0">
    <skipped message="disabledWithoutDocker is true and Docker is not available"/>
  </testcase>
  <testcase name="debeCancelarSuscripcionAlFinal" classname="com.zabora.subscription.integration.controller.SuscripcionControladorIntegrationTest" time="0.0">
    <skipped message="disabledWithoutDocker is true and Docker is not available"/>
  </testcase>
  <testcase name="debeRechazarEstadoSinAutenticacion" classname="com.zabora.subscription.integration.controller.SuscripcionControladorIntegrationTest" time="0.0">
    <skipped message="disabledWithoutDocker is true and Docker is not available"/>
  </testcase>
</testsuite>