<?xml version="1.0" encoding="UTF-8"?>
<testsuite xmlns:xsi="http://www.w3.org/2001/XMLSchema-instance" xsi:noNamespaceSchemaLocation="https://maven.apache.org/surefire/maven-surefire-plugin/xsd/surefire-test-report-3.0.xsd" version="3.0" name="com.zabora.subscription.integration.CP037_VerificacionEstadoTest" time="0.329" tests="5" errors="1" skipped="0" failures="3">
  <properties>
[...]
</properties>
  <testcase name="testEstructuraRespuestaSuscripcionPendiente" classname="com.zabora.subscription.integration.CP037_VerificacionEstadoTest" time="0.041">
    <failure message="1 expectation failed.&#10;JSON path $ doesn&apos;t match.&#10;Expected: map containing [&quot;id&quot;-&gt;ANYTHING]&#10;  Actual: &lt;{exito=true, mensaje=null, idSuscripcion=54f76ba9-9f98-4e48-9f14-1c74f6b18c6f, plan=premium, estado=PENDIENTE_PAGO, fechaInicio=null, fechaExpiracion=null, diasRestantes=null, horasRestantes=null, cancelarAlFinalPeriodo=false, fechaEfectoCancelacion=null, horasHastaCancelacion=null, requierePago=true, fechaCancelacion=null}&gt;&#10;" type="java.lang.AssertionError"><![CDATA[java.lang.AssertionError: 
1 expectation failed.
JSON path $ doesn't match.
Expected: map containing ["id"->ANYTHING]
  Actual: <{exito=true, mensaje=null, idSuscripcion=54f76ba9-9f98-4e48-9f14-1c74f6b18c6f, plan=premium, estado=PENDIENTE_PAGO, fechaInicio=null, fechaExpiracion=null, diasRestantes=null, horasRestantes=null, cancelarAlFinalPeriodo=false, fechaEfectoCancelacion=null, horasHastaCancelacion=null, requierePago=true, fechaCancelacion=null}>

	at java.base/jdk.internal.reflect.DirectConstructorHandleAccessor.newInstance(DirectConstructorHandleAccessor.java:62)
	at java.base/java.lang.reflect.Constructor.newInstanceWithCaller(Constructor.java:502)
	at java.base/java.lang.reflect.Constructor.newInstance(Constructor.java:486)
	at org.codehaus.groovy.reflection.CachedConstructor.invoke(CachedConstructor.java:73)
	at org.codehaus.groovy.runtime.callsite.ConstructorSite$ConstructorSiteNoUnwrapNoCoerce.callConstructor(ConstructorSite.java:108)
	at org.codehaus.groovy.runtime.callsite.AbstractCallSite.callConstructor(AbstractCallSite.java:277)
	at io.restassured.internal.ResponseSpecificationImpl$HamcrestAssertionClosure.validate(ResponseSpecificationImpl.groovy:512)
	at io.restassured.internal.ResponseSpecificationImpl$HamcrestAssertionClosure$validate$1.call(Unknown Source)
	at io.restassured.internal.ResponseSpecificationImpl.validateResponseIfRequired(ResponseSpecificationImpl.groovy:696)
	at io.restassured.internal.ResponseSpecificationImpl.this$2$validateResponseIfRequired(ResponseSpecificationImpl.groovy)
	at java.base/jdk.internal.reflect.DirectMethodHandleAccessor.invoke(DirectMethodHandleAccessor.java:103)
	at java.base/java.lang.reflect.Method.invoke(Method.java:580)
	at org.codehaus.groovy.runtime.callsite.PlainObjectMetaMethodSite.doInvoke(PlainObjectMetaMethodSite.java:43)
	at org.codehaus.groovy.runtime.callsite.PogoMetaMethodSite$PogoCachedMethodSiteNoUnwrapNoCoerce.invoke(PogoMetaMethodSite.java:198)
	at org.codehaus.groovy.runtime.callsite.PogoMetaMethodSite.callCurrent(PogoMetaMethodSite.java:62)
	at org.codehaus.groovy.runtime.callsite.AbstractCallSite.callCurrent(AbstractCallSite.java:185)
	at io.restassured.internal.ResponseSpecificationImpl.body(ResponseSpecificationImpl.groovy:270)
	at io.restassured.specification.ResponseSpecification$body$2.callCurrent(Unknown Source)
	at org.codehaus.groovy.runtime.callsite.CallSiteArray.defaultCallCurrent(CallSiteArray.java:49)
	at io.restassured.specification.ResponseSpecification$body$2.callCurrent(Unknown Source)
	at io.restassured.internal.ResponseSpecificationImpl.body(ResponseSpecificationImpl.groovy:117)
	at io.restassured.internal.ValidatableResponseOptionsImpl.body(ValidatableResponseOptionsImpl.java:244)
	at com.zabora.subscription.integration.CP037_VerificacionEstadoTest.testEstructuraRespuestaSuscripcionPendiente(CP037_VerificacionEstadoTest.java:204)
	at java.base/java.lang.reflect.Method.invoke(Method.java:580)
	at java.base/java.util.ArrayList.forEach(ArrayList.java:1596)
	at java.base/java.util.ArrayList.forEach(ArrayList.java:1596)
]]></failure>
    <system-out><![CDATA[2026-03-29T11:27:44.845-05:00  INFO 8856 --- [zabora-subscription-service] [           main] t.c.s.AnnotationConfigContextLoaderUtils : Could not detect default configuration classes for test class [com.zabora.subscription.integration.CP037_VerificacionEstadoTest]: CP037_VerificacionEstadoTest does not declare any static, non-private, non-final, nested classes annotated with @Configuration.
2026-03-29T11:27:44.847-05:00  INFO 8856 --- [zabora-subscription-service] [           main] .b.t.c.SpringBootTestContextBootstrapper : Found @SpringBootConfiguration com.zabora.subscription.ZaboraSubscriptionApplication for test class com.zabora.subscription.integration.CP037_VerificacionEstadoTest
2026-03-29T11:27:44.866-05:00 DEBUG 8856 --- [zabora-subscription-service] [o-auto-1-exec-8] o.s.web.servlet.DispatcherServlet        : POST "/api/suscripciones/suscribir", parameters={}
2026-03-29T11:27:44.866-05:00 DEBUG 8856 --- [zabora-subscription-service] [o-auto-1-exec-8] s.w.s.m.m.a.RequestMappingHandlerMapping : Mapped to com.zabora.subscription.controlador.SuscripcionController#suscribirse(SolicitudSuscripcionDTO)
2026-03-29T11:27:44.866-05:00 DEBUG 8856 --- [zabora-subscription-service] [o-auto-1-exec-8] m.m.a.RequestResponseBodyMethodProcessor : Read "application/json;charset=UTF-8" to [SolicitudSuscripcionDTO(usuarioId=2004, nombrePlan=PREMIUM, tipoPago=TARJETA)]
2026-03-29T11:27:44.866-05:00  INFO 8856 --- [zabora-subscription-service] [o-auto-1-exec-8] c.z.s.controlador.SuscripcionController  : Solicitud de suscripcion - Plan: PREMIUM
2026-03-29T11:27:44.866-05:00  INFO 8856 --- [zabora-subscription-service] [o-auto-1-exec-8] c.z.s.servicio.SuscripcionServicio       : Creando suscripcion - Usuario: 2004, Plan: PREMIUM
2026-03-29T11:27:44.868-05:00 DEBUG 8856 --- [zabora-subscription-service] [o-auto-1-exec-8] org.hibernate.SQL                        : 
    select
        ps1_0.id,
        ps1_0.activo,
        ps1_0.descripcion,
        ps1_0.fecha_actualizacion,
        ps1_0.fecha_creacion,
        ps1_0.moneda,
        ps1_0.nombre,
        ps1_0.precio 
    from
        planes_suscripcion ps1_0 
    where
        upper(ps1_0.nombre)=upper(?)
2026-03-29T11:27:44.871-05:00 DEBUG 8856 --- [zabora-subscription-service] [o-auto-1-exec-8] org.hibernate.SQL                        : 
    select
        us1_0.id,
        us1_0.cancelar_al_final_periodo,
        us1_0.estado,
        us1_0.fecha_actualizacion,
        us1_0.fecha_cancelacion,
        us1_0.fecha_creacion,
        us1_0.fin_periodo_actual,
        us1_0.id_cliente,
        us1_0.id_suscripcion,
        us1_0.inicio_periodo_actual,
        us1_0.plan_id,
        us1_0.usuario_id 
    from
        suscripciones_usuarios us1_0 
    where
        us1_0.usuario_id=? 
        and us1_0.estado=?
2026-03-29T11:27:44.873-05:00  INFO 8856 --- [zabora-subscription-service] [o-auto-1-exec-8] c.z.s.servicio.SuscripcionServicio       : Plan premium en PENDIENTE_PAGO
2026-03-29T11:27:44.873-05:00 DEBUG 8856 --- [zabora-subscription-service] [o-auto-1-exec-8] org.hibernate.SQL                        : 
    select
        us1_0.id,
        us1_0.cancelar_al_final_periodo,
        us1_0.estado,
        us1_0.fecha_actualizacion,
        us1_0.fecha_cancelacion,
        us1_0.fecha_creacion,
        us1_0.fin_periodo_actual,
        us1_0.id_cliente,
        us1_0.id_suscripcion,
        us1_0.inicio_periodo_actual,
        us1_0.plan_id,
        p1_0.id,
        p1_0.activo,
        p1_0.descripcion,
        p1_0.fecha_actualizacion,
        p1_0.fecha_creacion,
        p1_0.moneda,
        p1_0.nombre,
        p1_0.precio,
        us1_0.usuario_id,
        p2_0.suscripcion_id,
        p2_0.id,
        p2_0.banco,
        p2_0.codigo_autorizacion,
        p2_0.estado,
        p2_0.estado_pse,
        p2_0.fecha_creacion,
        p2_0.fecha_pago,
        p2_0.id_intento_pago,
        p2_0.metadatos,
        p2_0.metodo_pago,
        p2_0.moneda,
        p2_0.monto,
        p2_0.motivo_fallo,
        p2_0.numero_documento,
        p2_0.referencia_pse,
        p2_0.tipo_documento,
        p2_0.tipo_persona,
        p2_0.url_comprobante,
        p2_0.usuario_id 
    from
        suscripciones_usuarios us1_0 
    join
        planes_suscripcion p1_0 
            on p1_0.id=us1_0.plan_id 
    left join
        pagos p2_0 
            on us1_0.id=p2_0.suscripcion_id 
    where
        us1_0.id=?
2026-03-29T11:27:44.873-05:00  INFO 8856 --- [zabora-subscription-service] [o-auto-1-exec-8] c.z.s.servicio.SuscripcionServicio       : Suscripcion creada - ID: 54f76ba9-9f98-4e48-9f14-1c74f6b18c6f, Estado: PENDIENTE_PAGO
2026-03-29T11:27:44.873-05:00 DEBUG 8856 --- [zabora-subscription-service] [o-auto-1-exec-8] org.hibernate.SQL                        : 
    insert 
    into
        suscripciones_usuarios
        (cancelar_al_final_periodo, estado, fecha_actualizacion, fecha_cancelacion, fecha_creacion, fin_periodo_actual, id_cliente, id_suscripcion, inicio_periodo_actual, plan_id, usuario_id, id) 
    values
        (?, ?, ?, ?, ?, ?, ?, ?, ?, ?, ?, ?)
2026-03-29T11:27:44.879-05:00 DEBUG 8856 --- [zabora-subscription-service] [o-auto-1-exec-8] o.s.w.s.m.m.a.HttpEntityMethodProcessor  : Using 'application/json', given [*/*] and supported [application/json, application/*+json]
2026-03-29T11:27:44.879-05:00 DEBUG 8856 --- [zabora-subscription-service] [o-auto-1-exec-8] o.s.w.s.m.m.a.HttpEntityMethodProcessor  : Writing [RespuestaSuscripcionDTO(exito=true, mensaje=Suscripcion creada. Pendiente de pago., idSuscripcion=54 (truncated)...]
2026-03-29T11:27:44.880-05:00 DEBUG 8856 --- [zabora-subscription-service] [o-auto-1-exec-8] o.s.web.servlet.DispatcherServlet        : Completed 200 OK
2026-03-29T11:27:44.881-05:00 DEBUG 8856 --- [zabora-subscription-service] [o-auto-1-exec-6] o.s.web.servlet.DispatcherServlet        : GET "/api/suscripciones/estado", parameters={}
2026-03-29T11:27:44.881-05:00 DEBUG 8856 --- [zabora-subscription-service] [o-auto-1-exec-6] s.w.s.m.m.a.RequestMappingHandlerMapping : Mapped to com.zabora.subscription.controlador.SuscripcionController#obtenerEstado()
2026-03-29T11:27:44.881-05:00  INFO 8856 --- [zabora-subscription-service] [o-auto-1-exec-6] c.z.s.controlador.SuscripcionController  : Consultando estado - Usuario: 2004
2026-03-29T11:27:44.881-05:00  INFO 8856 --- [zabora-subscription-service] [o-auto-1-exec-6] c.z.s.servicio.SuscripcionServicio       : Consultando estado - Usuario: 2004
2026-03-29T11:27:44.888-05:00 DEBUG 8856 --- [zabora-subscription-service] [o-auto-1-exec-6] org.hibernate.SQL                        : 
    select
        us1_0.id,
        us1_0.cancelar_al_final_periodo,
        us1_0.estado,
        us1_0.fecha_actualizacion,
        us1_0.fecha_cancelacion,
        us1_0.fecha_creacion,
        us1_0.fin_periodo_actual,
        us1_0.id_cliente,
        us1_0.id_suscripcion,
        us1_0.inicio_periodo_actual,
        us1_0.plan_id,
        us1_0.usuario_id 
    from
        suscripciones_usuarios us1_0 
    where
        us1_0.usuario_id=? 
        and us1_0.estado=?
2026-03-29T11:27:44.891-05:00 DEBUG 8856 --- [zabora-subscription-service] [o-auto-1-exec-6] org.hibernate.SQL                        : 
    select
        us1_0.id,
        us1_0.cancelar_al_final_periodo,
        us1_0.estado,
        us1_0.fecha_actualizacion,
        us1_0.fecha_cancelacion,
        us1_0.fecha_creacion,
        us1_0.fin_periodo_actual,
        us1_0.id_cliente,
        us1_0.id_suscripcion,
        us1_0.inicio_periodo_actual,
        us1_0.plan_id,
        us1_0.usuario_id 
    from
        suscripciones_usuarios us1_0 
    where
        us1_0.usuario_id=? 
    order by
        us1_0.fecha_creacion desc
2026-03-29T11:27:44.892-05:00 DEBUG 8856 --- [zabora-subscription-service] [o-auto-1-exec-6] org.hibernate.SQL                        : 
    select
        ps1_0.id,
        ps1_0.activo,
        ps1_0.descripcion,
        ps1_0.fecha_actualizacion,
        ps1_0.fecha_creacion,
        ps1_0.moneda,
        ps1_0.nombre,
        ps1_0.precio 
    from
        planes_suscripcion ps1_0 
    where
        ps1_0.id=?
2026-03-29T11:27:44.892-05:00 DEBUG 8856 --- [zabora-subscription-service] [o-auto-1-exec-6] o.s.w.s.m.m.a.HttpEntityMethodProcessor  : Using 'application/json', given [*/*] and supported [application/json, application/*+json]
2026-03-29T11:27:44.892-05:00 DEBUG 8856 --- [zabora-subscription-service] [o-auto-1-exec-6] o.s.w.s.m.m.a.HttpEntityMethodProcessor  : Writing [RespuestaSuscripcionDTO(exito=true, mensaje=null, idSuscripcion=54f76ba9-9f98-4e48-9f14-1c74f6b18c6f (truncated)...]
2026-03-29T11:27:44.892-05:00 DEBUG 8856 --- [zabora-subscription-service] [o-auto-1-exec-6] o.s.web.servlet.DispatcherServlet        : Completed 200 OK
Request method:	GET
Request URI:	http://localhost:54042/api/suscripciones/estado
Proxy:			<none>
Request params:	<none>
Query params:	<none>
Form params:	<none>
Path params:	<none>
Headers:		X-User-Id=2004
				X-User-Email=test@zabora.com
				X-User-Role=USER
				Accept=*/*
				Content-Type=application/json
Cookies:		<none>
Multiparts:		<none>
Body:			<none>

HTTP/1.1 200 
X-Content-Type-Options: nosniff
X-XSS-Protection: 0
Cache-Control: no-cache, no-store, max-age=0, must-revalidate
Pragma: no-cache
Expires: 0
X-Frame-Options: DENY
Content-Type: application/json
Transfer-Encoding: chunked
Date: Sun, 29 Mar 2026 16:27:44 GMT
Keep-Alive: timeout=60
Connection: keep-alive

{
    "exito": true,
    "mensaje": null,
    "idSuscripcion": "54f76ba9-9f98-4e48-9f14-1c74f6b18c6f",
    "plan": "premium",
    "estado": "PENDIENTE_PAGO",
    "fechaInicio": null,
    "fechaExpiracion": null,
    "diasRestantes": null,
    "horasRestantes": null,
    "cancelarAlFinalPeriodo": false,
    "fechaEfectoCancelacion": null,
    "horasHastaCancelacion": null,
    "requierePago": true,
    "fechaCancelacion": null
}
]]></system-out>
  </testcase>
  <testcase name="testEstructuraRespuestaSuscripcionActiva" classname="com.zabora.subscription.integration.CP037_VerificacionEstadoTest" time="0.033">
    <failure message="1 expectation failed.&#10;JSON path $ doesn&apos;t match.&#10;Expected: map containing [&quot;id&quot;-&gt;ANYTHING]&#10;  Actual: &lt;{exito=true, mensaje=null, idSuscripcion=4f315857-90c4-477c-ad73-dafd8a7eb136, plan=gratuito, estado=ACTIVA, fechaInicio=2026-03-29T11:27:42.293083, fechaExpiracion=2126-03-29T11:27:42.293083, diasRestantes=36523, horasRestantes=876575, cancelarAlFinalPeriodo=false, fechaEfectoCancelacion=null, horasHastaCancelacion=null, requierePago=false, fechaCancelacion=null}&gt;&#10;" type="java.lang.AssertionError"><![CDATA[java.lang.AssertionError: 
1 expectation failed.
JSON path $ doesn't match.
Expected: map containing ["id"->ANYTHING]
  Actual: <{exito=true, mensaje=null, idSuscripcion=4f315857-90c4-477c-ad73-dafd8a7eb136, plan=gratuito, estado=ACTIVA, fechaInicio=2026-03-29T11:27:42.293083, fechaExpiracion=2126-03-29T11:27:42.293083, diasRestantes=36523, horasRestantes=876575, cancelarAlFinalPeriodo=false, fechaEfectoCancelacion=null, horasHastaCancelacion=null, requierePago=false, fechaCancelacion=null}>

	at java.base/jdk.internal.reflect.DirectConstructorHandleAccessor.newInstance(DirectConstructorHandleAccessor.java:62)
	at java.base/java.lang.reflect.Constructor.newInstanceWithCaller(Constructor.java:502)
	at java.base/java.lang.reflect.Constructor.newInstance(Constructor.java:486)
	at org.codehaus.groovy.reflection.CachedConstructor.invoke(CachedConstructor.java:73)
	at org.codehaus.groovy.runtime.callsite.ConstructorSite$ConstructorSiteNoUnwrapNoCoerce.callConstructor(ConstructorSite.java:108)
	at org.codehaus.groovy.runtime.callsite.AbstractCallSite.callConstructor(AbstractCallSite.java:277)
	at io.restassured.internal.ResponseSpecificationImpl$HamcrestAssertionClosure.validate(ResponseSpecificationImpl.groovy:512)
	at io.restassured.internal.ResponseSpecificationImpl$HamcrestAssertionClosure$validate$1.call(Unknown Source)
	at io.restassured.internal.ResponseSpecificationImpl.validateResponseIfRequired(ResponseSpecificationImpl.groovy:696)
	at io.restassured.internal.ResponseSpecificationImpl.this$2$validateResponseIfRequired(ResponseSpecificationImpl.groovy)
	at java.base/jdk.internal.reflect.DirectMethodHandleAccessor.invoke(DirectMethodHandleAccessor.java:103)
	at java.base/java.lang.reflect.Method.invoke(Method.java:580)
	at org.codehaus.groovy.runtime.callsite.PlainObjectMetaMethodSite.doInvoke(PlainObjectMetaMethodSite.java:43)
	at org.codehaus.groovy.runtime.callsite.PogoMetaMethodSite$PogoCachedMethodSiteNoUnwrapNoCoerce.invoke(PogoMetaMethodSite.java:198)
	at org.codehaus.groovy.runtime.callsite.PogoMetaMethodSite.callCurrent(PogoMetaMethodSite.java:62)
	at org.codehaus.groovy.runtime.callsite.AbstractCallSite.callCurrent(AbstractCallSite.java:185)
	at io.restassured.internal.ResponseSpecificationImpl.body(ResponseSpecificationImpl.groovy:270)
	at io.restassured.specification.ResponseSpecification$body$2.callCurrent(Unknown Source)
	at io.restassured.internal.ResponseSpecificationImpl.body(ResponseSpecificationImpl.groovy:117)
	at io.restassured.internal.ValidatableResponseOptionsImpl.body(ValidatableResponseOptionsImpl.java:244)
	at com.zabora.subscription.integration.CP037_VerificacionEstadoTest.testEstructuraRespuestaSuscripcionActiva(CP037_VerificacionEstadoTest.java:166)
	at java.base/java.lang.reflect.Method.invoke(Method.java:580)
	at java.base/java.util.ArrayList.forEach(ArrayList.java:1596)
	at java.base/java.util.ArrayList.forEach(ArrayList.java:1596)
]]></failure>
    <system-out><![CDATA[2026-03-29T11:27:44.908-05:00 DEBUG 8856 --- [zabora-subscription-service] [o-auto-1-exec-3] o.s.web.servlet.DispatcherServlet        : POST "/api/suscripciones/suscribir", parameters={}
2026-03-29T11:27:44.908-05:00 DEBUG 8856 --- [zabora-subscription-service] [o-auto-1-exec-3] s.w.s.m.m.a.RequestMappingHandlerMapping : Mapped to com.zabora.subscription.controlador.SuscripcionController#suscribirse(SolicitudSuscripcionDTO)
2026-03-29T11:27:44.909-05:00 DEBUG 8856 --- [zabora-subscription-service] [o-auto-1-exec-3] m.m.a.RequestResponseBodyMethodProcessor : Read "application/json;charset=UTF-8" to [SolicitudSuscripcionDTO(usuarioId=2003, nombrePlan=GRATUITO, tipoPago=NONE)]
2026-03-29T11:27:44.909-05:00  INFO 8856 --- [zabora-subscription-service] [o-auto-1-exec-3] c.z.s.controlador.SuscripcionController  : Solicitud de suscripcion - Plan: GRATUITO
2026-03-29T11:27:44.909-05:00  INFO 8856 --- [zabora-subscription-service] [o-auto-1-exec-3] c.z.s.servicio.SuscripcionServicio       : Creando suscripcion - Usuario: 2003, Plan: GRATUITO
2026-03-29T11:27:44.911-05:00 DEBUG 8856 --- [zabora-subscription-service] [o-auto-1-exec-3] org.hibernate.SQL                        : 
    select
        ps1_0.id,
        ps1_0.activo,
        ps1_0.descripcion,
        ps1_0.fecha_actualizacion,
        ps1_0.fecha_creacion,
        ps1_0.moneda,
        ps1_0.nombre,
        ps1_0.precio 
    from
        planes_suscripcion ps1_0 
    where
        upper(ps1_0.nombre)=upper(?)
2026-03-29T11:27:44.912-05:00 DEBUG 8856 --- [zabora-subscription-service] [o-auto-1-exec-3] org.hibernate.SQL                        : 
    select
        us1_0.id,
        us1_0.cancelar_al_final_periodo,
        us1_0.estado,
        us1_0.fecha_actualizacion,
        us1_0.fecha_cancelacion,
        us1_0.fecha_creacion,
        us1_0.fin_periodo_actual,
        us1_0.id_cliente,
        us1_0.id_suscripcion,
        us1_0.inicio_periodo_actual,
        us1_0.plan_id,
        us1_0.usuario_id 
    from
        suscripciones_usuarios us1_0 
    where
        us1_0.usuario_id=? 
        and us1_0.estado=?
2026-03-29T11:27:44.912-05:00  WARN 8856 --- [zabora-subscription-service] [o-auto-1-exec-3] c.z.s.controlador.SuscripcionController  : Error al suscribirse: El usuario ya tiene una suscripcion activa
2026-03-29T11:27:44.912-05:00 DEBUG 8856 --- [zabora-subscription-service] [o-auto-1-exec-3] o.s.w.s.m.m.a.HttpEntityMethodProcessor  : Using 'application/json', given [*/*] and supported [application/json, application/*+json]
2026-03-29T11:27:44.912-05:00 DEBUG 8856 --- [zabora-subscription-service] [o-auto-1-exec-3] o.s.w.s.m.m.a.HttpEntityMethodProcessor  : Writing [{error=El usuario ya tiene una suscripcion activa}]
2026-03-29T11:27:44.912-05:00 DEBUG 8856 --- [zabora-subscription-service] [o-auto-1-exec-3] o.s.web.servlet.DispatcherServlet        : Completed 400 BAD_REQUEST
2026-03-29T11:27:44.916-05:00 DEBUG 8856 --- [zabora-subscription-service] [o-auto-1-exec-9] o.s.web.servlet.DispatcherServlet        : GET "/api/suscripciones/estado", parameters={}
2026-03-29T11:27:44.916-05:00 DEBUG 8856 --- [zabora-subscription-service] [o-auto-1-exec-9] s.w.s.m.m.a.RequestMappingHandlerMapping : Mapped to com.zabora.subscription.controlador.SuscripcionController#obtenerEstado()
2026-03-29T11:27:44.916-05:00  INFO 8856 --- [zabora-subscription-service] [o-auto-1-exec-9] c.z.s.controlador.SuscripcionController  : Consultando estado - Usuario: 2003
2026-03-29T11:27:44.916-05:00  INFO 8856 --- [zabora-subscription-service] [o-auto-1-exec-9] c.z.s.servicio.SuscripcionServicio       : Consultando estado - Usuario: 2003
2026-03-29T11:27:44.925-05:00 DEBUG 8856 --- [zabora-subscription-service] [o-auto-1-exec-9] org.hibernate.SQL                        : 
    select
        us1_0.id,
        us1_0.cancelar_al_final_periodo,
        us1_0.estado,
        us1_0.fecha_actualizacion,
        us1_0.fecha_cancelacion,
        us1_0.fecha_creacion,
        us1_0.fin_periodo_actual,
        us1_0.id_cliente,
        us1_0.id_suscripcion,
        us1_0.inicio_periodo_actual,
        us1_0.plan_id,
        us1_0.usuario_id 
    from
        suscripciones_usuarios us1_0 
    where
        us1_0.usuario_id=? 
        and us1_0.estado=?
2026-03-29T11:27:44.925-05:00 DEBUG 8856 --- [zabora-subscription-service] [o-auto-1-exec-9] org.hibernate.SQL                        : 
    select
        ps1_0.id,
        ps1_0.activo,
        ps1_0.descripcion,
        ps1_0.fecha_actualizacion,
        ps1_0.fecha_creacion,
        ps1_0.moneda,
        ps1_0.nombre,
        ps1_0.precio 
    from
        planes_suscripcion ps1_0 
    where
        ps1_0.id=?
2026-03-29T11:27:44.925-05:00 DEBUG 8856 --- [zabora-subscription-service] [o-auto-1-exec-9] o.s.w.s.m.m.a.HttpEntityMethodProcessor  : Using 'application/json', given [*/*] and supported [application/json, application/*+json]
2026-03-29T11:27:44.925-05:00 DEBUG 8856 --- [zabora-subscription-service] [o-auto-1-exec-9] o.s.w.s.m.m.a.HttpEntityMethodProcessor  : Writing [RespuestaSuscripcionDTO(exito=true, mensaje=null, idSuscripcion=4f315857-90c4-477c-ad73-dafd8a7eb136 (truncated)...]
2026-03-29T11:27:44.925-05:00 DEBUG 8856 --- [zabora-subscription-service] [o-auto-1-exec-9] o.s.web.servlet.DispatcherServlet        : Completed 200 OK
Request method:	GET
Request URI:	http://localhost:54042/api/suscripciones/estado
Proxy:			<none>
Request params:	<none>
Query params:	<none>
Form params:	<none>
Path params:	<none>
Headers:		X-User-Id=2003
				X-User-Email=test@zabora.com
				X-User-Role=USER
				Accept=*/*
				Content-Type=application/json
Cookies:		<none>
Multiparts:		<none>
Body:			<none>

HTTP/1.1 200 
X-Content-Type-Options: nosniff
X-XSS-Protection: 0
Cache-Control: no-cache, no-store, max-age=0, must-revalidate
Pragma: no-cache
Expires: 0
X-Frame-Options: DENY
Content-Type: application/json
Transfer-Encoding: chunked
Date: Sun, 29 Mar 2026 16:27:44 GMT
Keep-Alive: timeout=60
Connection: keep-alive

{
    "exito": true,
    "mensaje": null,
    "idSuscripcion": "4f315857-90c4-477c-ad73-dafd8a7eb136",
    "plan": "gratuito",
    "estado": "ACTIVA",
    "fechaInicio": "2026-03-29T11:27:42.293083",
    "fechaExpiracion": "2126-03-29T11:27:42.293083",
    "diasRestantes": 36523,
    "horasRestantes": 876575,
    "cancelarAlFinalPeriodo": false,
    "fechaEfectoCancelacion": null,
    "horasHastaCancelacion": null,
    "requierePago": false,
    "fechaCancelacion": null
}
]]></system-out>
  </testcase>
  <testcase name="testFormatoFechas" classname="com.zabora.subscription.integration.CP037_VerificacionEstadoTest" time="0.048">
    <failure message="1 expectation failed.&#10;JSON path fechaCreacion doesn&apos;t match.&#10;Expected: a string matching the pattern &apos;\d{4}-\d{2}-\d{2}T\d{2}:\d{2}:\d{2}.*&apos;&#10;  Actual: null&#10;" type="java.lang.AssertionError"><![CDATA[java.lang.AssertionError: 
1 expectation failed.
JSON path fechaCreacion doesn't match.
Expected: a string matching the pattern '\d{4}-\d{2}-\d{2}T\d{2}:\d{2}:\d{2}.*'
  Actual: null

	at java.base/jdk.internal.reflect.DirectConstructorHandleAccessor.newInstance(DirectConstructorHandleAccessor.java:62)
	at java.base/java.lang.reflect.Constructor.newInstanceWithCaller(Constructor.java:502)
	at java.base/java.lang.reflect.Constructor.newInstance(Constructor.java:486)
	at org.codehaus.groovy.reflection.CachedConstructor.invoke(CachedConstructor.java:73)
	at org.codehaus.groovy.runtime.callsite.ConstructorSite$ConstructorSiteNoUnwrapNoCoerce.callConstructor(ConstructorSite.java:108)
	at org.codehaus.groovy.runtime.callsite.AbstractCallSite.callConstructor(AbstractCallSite.java:277)
	at io.restassured.internal.ResponseSpecificationImpl$HamcrestAssertionClosure.validate(ResponseSpecificationImpl.groovy:512)
	at io.restassured.internal.ResponseSpecificationImpl$HamcrestAssertionClosure$validate$1.call(Unknown Source)
	at io.restassured.internal.ResponseSpecificationImpl.validateResponseIfRequired(ResponseSpecificationImpl.groovy:696)
	at io.restassured.internal.ResponseSpecificationImpl.this$2$validateResponseIfRequired(ResponseSpecificationImpl.groovy)
	at java.base/jdk.internal.reflect.DirectMethodHandleAccessor.invoke(DirectMethodHandleAccessor.java:103)
	at java.base/java.lang.reflect.Method.invoke(Method.java:580)
	at org.codehaus.groovy.runtime.callsite.PlainObjectMetaMethodSite.doInvoke(PlainObjectMetaMethodSite.java:43)
	at org.codehaus.groovy.runtime.callsite.PogoMetaMethodSite$PogoCachedMethodSiteNoUnwrapNoCoerce.invoke(PogoMetaMethodSite.java:198)
	at org.codehaus.groovy.runtime.callsite.PogoMetaMethodSite.callCurrent(PogoMetaMethodSite.java:62)
	at org.codehaus.groovy.runtime.callsite.AbstractCallSite.callCurrent(AbstractCallSite.java:185)
	at io.restassured.internal.ResponseSpecificationImpl.body(ResponseSpecificationImpl.groovy:270)
	at io.restassured.specification.ResponseSpecification$body$2.callCurrent(Unknown Source)
	at org.codehaus.groovy.runtime.callsite.CallSiteArray.defaultCallCurrent(CallSiteArray.java:49)
	at io.restassured.specification.ResponseSpecification$body$2.callCurrent(Unknown Source)
	at io.restassured.internal.ResponseSpecificationImpl.body(ResponseSpecificationImpl.groovy:117)
	at io.restassured.internal.ValidatableResponseOptionsImpl.body(ValidatableResponseOptionsImpl.java:244)
	at com.zabora.subscription.integration.CP037_VerificacionEstadoTest.testFormatoFechas(CP037_VerificacionEstadoTest.java:284)
	at java.base/java.lang.reflect.Method.invoke(Method.java:580)
	at java.base/java.util.ArrayList.forEach(ArrayList.java:1596)
	at java.base/java.util.ArrayList.forEach(ArrayList.java:1596)
]]></failure>
    <system-out><![CDATA[2026-03-29T11:27:44.947-05:00 DEBUG 8856 --- [zabora-subscription-service] [o-auto-1-exec-5] o.s.web.servlet.DispatcherServlet        : POST "/api/suscripciones/suscribir", parameters={}
2026-03-29T11:27:44.947-05:00 DEBUG 8856 --- [zabora-subscription-service] [o-auto-1-exec-5] s.w.s.m.m.a.RequestMappingHandlerMapping : Mapped to com.zabora.subscription.controlador.SuscripcionController#suscribirse(SolicitudSuscripcionDTO)
2026-03-29T11:27:44.947-05:00 DEBUG 8856 --- [zabora-subscription-service] [o-auto-1-exec-5] m.m.a.RequestResponseBodyMethodProcessor : Read "application/json;charset=UTF-8" to [SolicitudSuscripcionDTO(usuarioId=2006, nombrePlan=GRATUITO, tipoPago=NONE)]
2026-03-29T11:27:44.947-05:00  INFO 8856 --- [zabora-subscription-service] [o-auto-1-exec-5] c.z.s.controlador.SuscripcionController  : Solicitud de suscripcion - Plan: GRATUITO
2026-03-29T11:27:44.947-05:00  INFO 8856 --- [zabora-subscription-service] [o-auto-1-exec-5] c.z.s.servicio.SuscripcionServicio       : Creando suscripcion - Usuario: 2006, Plan: GRATUITO
2026-03-29T11:27:44.949-05:00 DEBUG 8856 --- [zabora-subscription-service] [o-auto-1-exec-5] org.hibernate.SQL                        : 
    select
        ps1_0.id,
        ps1_0.activo,
        ps1_0.descripcion,
        ps1_0.fecha_actualizacion,
        ps1_0.fecha_creacion,
        ps1_0.moneda,
        ps1_0.nombre,
        ps1_0.precio 
    from
        planes_suscripcion ps1_0 
    where
        upper(ps1_0.nombre)=upper(?)
2026-03-29T11:27:44.950-05:00 DEBUG 8856 --- [zabora-subscription-service] [o-auto-1-exec-5] org.hibernate.SQL                        : 
    select
        us1_0.id,
        us1_0.cancelar_al_final_periodo,
        us1_0.estado,
        us1_0.fecha_actualizacion,
        us1_0.fecha_cancelacion,
        us1_0.fecha_creacion,
        us1_0.fin_periodo_actual,
        us1_0.id_cliente,
        us1_0.id_suscripcion,
        us1_0.inicio_periodo_actual,
        us1_0.plan_id,
        us1_0.usuario_id 
    from
        suscripciones_usuarios us1_0 
    where
        us1_0.usuario_id=? 
        and us1_0.estado=?
2026-03-29T11:27:44.953-05:00  WARN 8856 --- [zabora-subscription-service] [o-auto-1-exec-5] c.z.s.controlador.SuscripcionController  : Error al suscribirse: El usuario ya tiene una suscripcion activa
2026-03-29T11:27:44.953-05:00 DEBUG 8856 --- [zabora-subscription-service] [o-auto-1-exec-5] o.s.w.s.m.m.a.HttpEntityMethodProcessor  : Using 'application/json', given [*/*] and supported [application/json, application/*+json]
2026-03-29T11:27:44.953-05:00 DEBUG 8856 --- [zabora-subscription-service] [o-auto-1-exec-5] o.s.w.s.m.m.a.HttpEntityMethodProcessor  : Writing [{error=El usuario ya tiene una suscripcion activa}]
2026-03-29T11:27:44.955-05:00 DEBUG 8856 --- [zabora-subscription-service] [o-auto-1-exec-5] o.s.web.servlet.DispatcherServlet        : Completed 400 BAD_REQUEST
2026-03-29T11:27:44.957-05:00 DEBUG 8856 --- [zabora-subscription-service] [o-auto-1-exec-1] o.s.web.servlet.DispatcherServlet        : GET "/api/suscripciones/estado", parameters={}
2026-03-29T11:27:44.964-05:00 DEBUG 8856 --- [zabora-subscription-service] [o-auto-1-exec-1] s.w.s.m.m.a.RequestMappingHandlerMapping : Mapped to com.zabora.subscription.controlador.SuscripcionController#obtenerEstado()
2026-03-29T11:27:44.964-05:00  INFO 8856 --- [zabora-subscription-service] [o-auto-1-exec-1] c.z.s.controlador.SuscripcionController  : Consultando estado - Usuario: 2006
2026-03-29T11:27:44.964-05:00  INFO 8856 --- [zabora-subscription-service] [o-auto-1-exec-1] c.z.s.servicio.SuscripcionServicio       : Consultando estado - Usuario: 2006
2026-03-29T11:27:44.965-05:00 DEBUG 8856 --- [zabora-subscription-service] [o-auto-1-exec-1] org.hibernate.SQL                        : 
    select
        us1_0.id,
        us1_0.cancelar_al_final_periodo,
        us1_0.estado,
        us1_0.fecha_actualizacion,
        us1_0.fecha_cancelacion,
        us1_0.fecha_creacion,
        us1_0.fin_periodo_actual,
        us1_0.id_cliente,
        us1_0.id_suscripcion,
        us1_0.inicio_periodo_actual,
        us1_0.plan_id,
        us1_0.usuario_id 
    from
        suscripciones_usuarios us1_0 
    where
        us1_0.usuario_id=? 
        and us1_0.estado=?
2026-03-29T11:27:44.965-05:00 DEBUG 8856 --- [zabora-subscription-service] [o-auto-1-exec-1] org.hibernate.SQL                        : 
    select
        ps1_0.id,
        ps1_0.activo,
        ps1_0.descripcion,
        ps1_0.fecha_actualizacion,
        ps1_0.fecha_creacion,
        ps1_0.moneda,
        ps1_0.nombre,
        ps1_0.precio 
    from
        planes_suscripcion ps1_0 
    where
        ps1_0.id=?
2026-03-29T11:27:44.968-05:00 DEBUG 8856 --- [zabora-subscription-service] [o-auto-1-exec-1] o.s.w.s.m.m.a.HttpEntityMethodProcessor  : Using 'application/json', given [*/*] and supported [application/json, application/*+json]
2026-03-29T11:27:44.968-05:00 DEBUG 8856 --- [zabora-subscription-service] [o-auto-1-exec-1] o.s.w.s.m.m.a.HttpEntityMethodProcessor  : Writing [RespuestaSuscripcionDTO(exito=true, mensaje=null, idSuscripcion=ed01d9ed-38c2-4a00-8f77-709a1d50c81c (truncated)...]
2026-03-29T11:27:44.968-05:00 DEBUG 8856 --- [zabora-subscription-service] [o-auto-1-exec-1] o.s.web.servlet.DispatcherServlet        : Completed 200 OK
Request method:	GET
Request URI:	http://localhost:54042/api/suscripciones/estado
Proxy:			<none>
Request params:	<none>
Query params:	<none>
Form params:	<none>
Path params:	<none>
Headers:		X-User-Id=2006
				X-User-Email=test@zabora.com
				X-User-Role=USER
				Accept=*/*
				Content-Type=application/json
Cookies:		<none>
Multiparts:		<none>
Body:			<none>

HTTP/1.1 200 
X-Content-Type-Options: nosniff
X-XSS-Protection: 0
Cache-Control: no-cache, no-store, max-age=0, must-revalidate
Pragma: no-cache
Expires: 0
X-Frame-Options: DENY
Content-Type: application/json
Transfer-Encoding: chunked
Date: Sun, 29 Mar 2026 16:27:44 GMT
Keep-Alive: timeout=60
Connection: keep-alive

{
    "exito": true,
    "mensaje": null,
    "idSuscripcion": "ed01d9ed-38c2-4a00-8f77-709a1d50c81c",
    "plan": "gratuito",
    "estado": "ACTIVA",
    "fechaInicio": "2026-03-29T11:27:44.028336",
    "fechaExpiracion": "2126-03-29T11:27:44.028336",
    "diasRestantes": 36523,
    "horasRestantes": 876575,
    "cancelarAlFinalPeriodo": false,
    "fechaEfectoCancelacion": null,
    "horasHastaCancelacion": null,
    "requierePago": false,
    "fechaCancelacion": null
}
]]></system-out>
  </testcase>
  <testcase name="testCalculoDiasRestantes" classname="com.zabora.subscription.integration.CP037_VerificacionEstadoTest" time="0.031">
    <error type="java.lang.NullPointerException"><![CDATA[java.lang.NullPointerException
	at java.base/java.util.Objects.requireNonNull(Objects.java:233)
	at java.base/java.util.ImmutableCollections$MapN.<init>(ImmutableCollections.java:1193)
	at java.base/java.util.Map.of(Map.java:1552)
	at com.zabora.subscription.integration.CP037_VerificacionEstadoTest.testCalculoDiasRestantes(CP037_VerificacionEstadoTest.java:236)
	at java.base/java.lang.reflect.Method.invoke(Method.java:580)
	at java.base/java.util.ArrayList.forEach(ArrayList.java:1596)
	at java.base/java.util.ArrayList.forEach(ArrayList.java:1596)
]]></error>
    <system-out><![CDATA[2026-03-29T11:27:44.989-05:00 DEBUG 8856 --- [zabora-subscription-service] [o-auto-1-exec-4] o.s.web.servlet.DispatcherServlet        : POST "/api/suscripciones/suscribir", parameters={}
2026-03-29T11:27:44.994-05:00 DEBUG 8856 --- [zabora-subscription-service] [o-auto-1-exec-4] s.w.s.m.m.a.RequestMappingHandlerMapping : Mapped to com.zabora.subscription.controlador.SuscripcionController#suscribirse(SolicitudSuscripcionDTO)
2026-03-29T11:27:44.994-05:00 DEBUG 8856 --- [zabora-subscription-service] [o-auto-1-exec-4] m.m.a.RequestResponseBodyMethodProcessor : Read "application/json;charset=UTF-8" to [SolicitudSuscripcionDTO(usuarioId=2005, nombrePlan=PREMIUM, tipoPago=TARJETA)]
2026-03-29T11:27:44.994-05:00  INFO 8856 --- [zabora-subscription-service] [o-auto-1-exec-4] c.z.s.controlador.SuscripcionController  : Solicitud de suscripcion - Plan: PREMIUM
2026-03-29T11:27:44.994-05:00  INFO 8856 --- [zabora-subscription-service] [o-auto-1-exec-4] c.z.s.servicio.SuscripcionServicio       : Creando suscripcion - Usuario: 2005, Plan: PREMIUM
2026-03-29T11:27:44.994-05:00 DEBUG 8856 --- [zabora-subscription-service] [o-auto-1-exec-4] org.hibernate.SQL                        : 
    select
        ps1_0.id,
        ps1_0.activo,
        ps1_0.descripcion,
        ps1_0.fecha_actualizacion,
        ps1_0.fecha_creacion,
        ps1_0.moneda,
        ps1_0.nombre,
        ps1_0.precio 
    from
        planes_suscripcion ps1_0 
    where
        upper(ps1_0.nombre)=upper(?)
2026-03-29T11:27:44.997-05:00 DEBUG 8856 --- [zabora-subscription-service] [o-auto-1-exec-4] org.hibernate.SQL                        : 
    select
        us1_0.id,
        us1_0.cancelar_al_final_periodo,
        us1_0.estado,
        us1_0.fecha_actualizacion,
        us1_0.fecha_cancelacion,
        us1_0.fecha_creacion,
        us1_0.fin_periodo_actual,
        us1_0.id_cliente,
        us1_0.id_suscripcion,
        us1_0.inicio_periodo_actual,
        us1_0.plan_id,
        us1_0.usuario_id 
    from
        suscripciones_usuarios us1_0 
    where
        us1_0.usuario_id=? 
        and us1_0.estado=?
2026-03-29T11:27:44.997-05:00 DEBUG 8856 --- [zabora-subscription-service] [o-auto-1-exec-4] org.hibernate.SQL                        : 
    select
        ps1_0.id,
        ps1_0.activo,
        ps1_0.descripcion,
        ps1_0.fecha_actualizacion,
        ps1_0.fecha_creacion,
        ps1_0.moneda,
        ps1_0.nombre,
        ps1_0.precio 
    from
        planes_suscripcion ps1_0 
    where
        ps1_0.id=?
2026-03-29T11:27:44.997-05:00  WARN 8856 --- [zabora-subscription-service] [o-auto-1-exec-4] c.z.s.controlador.SuscripcionController  : Error al suscribirse: El usuario ya tiene una suscripcion activa
2026-03-29T11:27:44.997-05:00 DEBUG 8856 --- [zabora-subscription-service] [o-auto-1-exec-4] o.s.w.s.m.m.a.HttpEntityMethodProcessor  : Using 'application/json', given [*/*] and supported [application/json, application/*+json]
2026-03-29T11:27:44.997-05:00 DEBUG 8856 --- [zabora-subscription-service] [o-auto-1-exec-4] o.s.w.s.m.m.a.HttpEntityMethodProcessor  : Writing [{error=El usuario ya tiene una suscripcion activa}]
2026-03-29T11:27:44.997-05:00 DEBUG 8856 --- [zabora-subscription-service] [o-auto-1-exec-4] o.s.web.servlet.DispatcherServlet        : Completed 400 BAD_REQUEST
]]></system-out>
  </testcase>
  <testcase name="testVerificacionEstado" classname="com.zabora.subscription.integration.CP037_VerificacionEstadoTest" time="0.16">
    <system-out><![CDATA[2026-03-29T11:27:45.022-05:00 DEBUG 8856 --- [zabora-subscription-service] [-auto-1-exec-10] o.s.web.servlet.DispatcherServlet        : POST "/api/suscripciones/suscribir", parameters={}
2026-03-29T11:27:45.022-05:00 DEBUG 8856 --- [zabora-subscription-service] [-auto-1-exec-10] s.w.s.m.m.a.RequestMappingHandlerMapping : Mapped to com.zabora.subscription.controlador.SuscripcionController#suscribirse(SolicitudSuscripcionDTO)
2026-03-29T11:27:45.022-05:00 DEBUG 8856 --- [zabora-subscription-service] [-auto-1-exec-10] m.m.a.RequestResponseBodyMethodProcessor : Read "application/json;charset=UTF-8" to [SolicitudSuscripcionDTO(usuarioId=2000, nombrePlan=GRATUITO, tipoPago=NONE)]
2026-03-29T11:27:45.022-05:00  INFO 8856 --- [zabora-subscription-service] [-auto-1-exec-10] c.z.s.controlador.SuscripcionController  : Solicitud de suscripcion - Plan: GRATUITO
2026-03-29T11:27:45.024-05:00  INFO 8856 --- [zabora-subscription-service] [-auto-1-exec-10] c.z.s.servicio.SuscripcionServicio       : Creando suscripcion - Usuario: 2000, Plan: GRATUITO
2026-03-29T11:27:45.025-05:00 DEBUG 8856 --- [zabora-subscription-service] [-auto-1-exec-10] org.hibernate.SQL                        : 
    select
        ps1_0.id,
        ps1_0.activo,
        ps1_0.descripcion,
        ps1_0.fecha_actualizacion,
        ps1_0.fecha_creacion,
        ps1_0.moneda,
        ps1_0.nombre,
        ps1_0.precio 
    from
        planes_suscripcion ps1_0 
    where
        upper(ps1_0.nombre)=upper(?)
2026-03-29T11:27:45.027-05:00 DEBUG 8856 --- [zabora-subscription-service] [-auto-1-exec-10] org.hibernate.SQL                        : 
    select
        us1_0.id,
        us1_0.cancelar_al_final_periodo,
        us1_0.estado,
        us1_0.fecha_actualizacion,
        us1_0.fecha_cancelacion,
        us1_0.fecha_creacion,
        us1_0.fin_periodo_actual,
        us1_0.id_cliente,
        us1_0.id_suscripcion,
        us1_0.inicio_periodo_actual,
        us1_0.plan_id,
        us1_0.usuario_id 
    from
        suscripciones_usuarios us1_0 
    where
        us1_0.usuario_id=? 
        and us1_0.estado=?
2026-03-29T11:27:45.027-05:00  WARN 8856 --- [zabora-subscription-service] [-auto-1-exec-10] c.z.s.controlador.SuscripcionController  : Error al suscribirse: El usuario ya tiene una suscripcion activa
2026-03-29T11:27:45.027-05:00 DEBUG 8856 --- [zabora-subscription-service] [-auto-1-exec-10] o.s.w.s.m.m.a.HttpEntityMethodProcessor  : Using 'application/json', given [*/*] and supported [application/json, application/*+json]
2026-03-29T11:27:45.027-05:00 DEBUG 8856 --- [zabora-subscription-service] [-auto-1-exec-10] o.s.w.s.m.m.a.HttpEntityMethodProcessor  : Writing [{error=El usuario ya tiene una suscripcion activa}]
2026-03-29T11:27:45.027-05:00 DEBUG 8856 --- [zabora-subscription-service] [-auto-1-exec-10] o.s.web.servlet.DispatcherServlet        : Completed 400 BAD_REQUEST
2026-03-29T11:27:45.036-05:00 DEBUG 8856 --- [zabora-subscription-service] [o-auto-1-exec-2] o.s.web.servlet.DispatcherServlet        : GET "/api/suscripciones/estado", parameters={}
2026-03-29T11:27:45.036-05:00 DEBUG 8856 --- [zabora-subscription-service] [o-auto-1-exec-2] s.w.s.m.m.a.RequestMappingHandlerMapping : Mapped to com.zabora.subscription.controlador.SuscripcionController#obtenerEstado()
2026-03-29T11:27:45.036-05:00  INFO 8856 --- [zabora-subscription-service] [o-auto-1-exec-2] c.z.s.controlador.SuscripcionController  : Consultando estado - Usuario: 2000
2026-03-29T11:27:45.036-05:00  INFO 8856 --- [zabora-subscription-service] [o-auto-1-exec-2] c.z.s.servicio.SuscripcionServicio       : Consultando estado - Usuario: 2000
2026-03-29T11:27:45.036-05:00 DEBUG 8856 --- [zabora-subscription-service] [o-auto-1-exec-2] org.hibernate.SQL                        : 
    select
        us1_0.id,
        us1_0.cancelar_al_final_periodo,
        us1_0.estado,
        us1_0.fecha_actualizacion,
        us1_0.fecha_cancelacion,
        us1_0.fecha_creacion,
        us1_0.fin_periodo_actual,
        us1_0.id_cliente,
        us1_0.id_suscripcion,
        us1_0.inicio_periodo_actual,
        us1_0.plan_id,
        us1_0.usuario_id 
    from
        suscripciones_usuarios us1_0 
    where
        us1_0.usuario_id=? 
        and us1_0.estado=?
2026-03-29T11:27:45.036-05:00 DEBUG 8856 --- [zabora-subscription-service] [o-auto-1-exec-2] org.hibernate.SQL                        : 
    select
        ps1_0.id,
        ps1_0.activo,
        ps1_0.descripcion,
        ps1_0.fecha_actualizacion,
        ps1_0.fecha_creacion,
        ps1_0.moneda,
        ps1_0.nombre,
        ps1_0.precio 
    from
        planes_suscripcion ps1_0 
    where
        ps1_0.id=?
2026-03-29T11:27:45.036-05:00 DEBUG 8856 --- [zabora-subscription-service] [o-auto-1-exec-2] o.s.w.s.m.m.a.HttpEntityMethodProcessor  : Using 'application/json', given [*/*] and supported [application/json, application/*+json]
2026-03-29T11:27:45.036-05:00 DEBUG 8856 --- [zabora-subscription-service] [o-auto-1-exec-2] o.s.w.s.m.m.a.HttpEntityMethodProcessor  : Writing [RespuestaSuscripcionDTO(exito=true, mensaje=null, idSuscripcion=a1098c63-018e-4887-995f-eda5620bee95 (truncated)...]
2026-03-29T11:27:45.043-05:00 DEBUG 8856 --- [zabora-subscription-service] [o-auto-1-exec-2] o.s.web.servlet.DispatcherServlet        : Completed 200 OK
2026-03-29T11:27:45.062-05:00 DEBUG 8856 --- [zabora-subscription-service] [o-auto-1-exec-7] o.s.w.s.m.m.a.HttpEntityMethodProcessor  : Using 'application/vnd.spring-boot.actuator.v3+json', given [text/plain, text/*, */*] and supported [application/vnd.spring-boot.actuator.v3+json, application/vnd.spring-boot.actuator.v2+json, application/json]
2026-03-29T11:27:45.070-05:00 DEBUG 8856 --- [zabora-subscription-service] [o-auto-1-exec-7] o.s.w.s.m.m.a.HttpEntityMethodProcessor  : Writing [org.springframework.boot.actuate.health.SystemHealth@3ba4696c]
2026-03-29T11:27:45.083-05:00 DEBUG 8856 --- [zabora-subscription-service] [o-auto-1-exec-7] o.s.web.servlet.DispatcherServlet        : Completed 200 OK
2026-03-29T11:27:45.087-05:00 DEBUG 8856 --- [zabora-subscription-service] [o-auto-1-exec-8] o.s.web.servlet.DispatcherServlet        : POST "/api/suscripciones/suscribir", parameters={}
2026-03-29T11:27:45.087-05:00 DEBUG 8856 --- [zabora-subscription-service] [o-auto-1-exec-8] s.w.s.m.m.a.RequestMappingHandlerMapping : Mapped to com.zabora.subscription.controlador.SuscripcionController#suscribirse(SolicitudSuscripcionDTO)
2026-03-29T11:27:45.087-05:00 DEBUG 8856 --- [zabora-subscription-service] [o-auto-1-exec-8] m.m.a.RequestResponseBodyMethodProcessor : Read "application/json;charset=UTF-8" to [SolicitudSuscripcionDTO(usuarioId=2001, nombrePlan=PREMIUM, tipoPago=TARJETA)]
2026-03-29T11:27:45.087-05:00  INFO 8856 --- [zabora-subscription-service] [o-auto-1-exec-8] c.z.s.controlador.SuscripcionController  : Solicitud de suscripcion - Plan: PREMIUM
2026-03-29T11:27:45.087-05:00  INFO 8856 --- [zabora-subscription-service] [o-auto-1-exec-8] c.z.s.servicio.SuscripcionServicio       : Creando suscripcion - Usuario: 2001, Plan: PREMIUM
2026-03-29T11:27:45.087-05:00 DEBUG 8856 --- [zabora-subscription-service] [o-auto-1-exec-8] org.hibernate.SQL                        : 
    select
        ps1_0.id,
        ps1_0.activo,
        ps1_0.descripcion,
        ps1_0.fecha_actualizacion,
        ps1_0.fecha_creacion,
        ps1_0.moneda,
        ps1_0.nombre,
        ps1_0.precio 
    from
        planes_suscripcion ps1_0 
    where
        upper(ps1_0.nombre)=upper(?)
2026-03-29T11:27:45.087-05:00 DEBUG 8856 --- [zabora-subscription-service] [o-auto-1-exec-8] org.hibernate.SQL                        : 
    select
        us1_0.id,
        us1_0.cancelar_al_final_periodo,
        us1_0.estado,
        us1_0.fecha_actualizacion,
        us1_0.fecha_cancelacion,
        us1_0.fecha_creacion,
        us1_0.fin_periodo_actual,
        us1_0.id_cliente,
        us1_0.id_suscripcion,
        us1_0.inicio_periodo_actual,
        us1_0.plan_id,
        us1_0.usuario_id 
    from
        suscripciones_usuarios us1_0 
    where
        us1_0.usuario_id=? 
        and us1_0.estado=?
2026-03-29T11:27:45.087-05:00 DEBUG 8856 --- [zabora-subscription-service] [o-auto-1-exec-8] org.hibernate.SQL                        : 
    select
        ps1_0.id,
        ps1_0.activo,
        ps1_0.descripcion,
        ps1_0.fecha_actualizacion,
        ps1_0.fecha_creacion,
        ps1_0.moneda,
        ps1_0.nombre,
        ps1_0.precio 
    from
        planes_suscripcion ps1_0 
    where
        ps1_0.id=?
2026-03-29T11:27:45.095-05:00  WARN 8856 --- [zabora-subscription-service] [o-auto-1-exec-8] c.z.s.controlador.SuscripcionController  : Error al suscribirse: El usuario ya tiene una suscripcion activa
2026-03-29T11:27:45.095-05:00 DEBUG 8856 --- [zabora-subscription-service] [o-auto-1-exec-8] o.s.w.s.m.m.a.HttpEntityMethodProcessor  : Using 'application/json', given [*/*] and supported [application/json, application/*+json]
2026-03-29T11:27:45.095-05:00 DEBUG 8856 --- [zabora-subscription-service] [o-auto-1-exec-8] o.s.w.s.m.m.a.HttpEntityMethodProcessor  : Writing [{error=El usuario ya tiene una suscripcion activa}]
2026-03-29T11:27:45.096-05:00 DEBUG 8856 --- [zabora-subscription-service] [o-auto-1-exec-8] o.s.web.servlet.DispatcherServlet        : Completed 400 BAD_REQUEST
2026-03-29T11:27:45.098-05:00 DEBUG 8856 --- [zabora-subscription-service] [o-auto-1-exec-6] o.s.web.servlet.DispatcherServlet        : GET "/api/suscripciones/estado", parameters={}
2026-03-29T11:27:45.098-05:00 DEBUG 8856 --- [zabora-subscription-service] [o-auto-1-exec-6] s.w.s.m.m.a.RequestMappingHandlerMapping : Mapped to com.zabora.subscription.controlador.SuscripcionController#obtenerEstado()
2026-03-29T11:27:45.104-05:00  INFO 8856 --- [zabora-subscription-service] [o-auto-1-exec-6] c.z.s.controlador.SuscripcionController  : Consultando estado - Usuario: 2001
2026-03-29T11:27:45.104-05:00  INFO 8856 --- [zabora-subscription-service] [o-auto-1-exec-6] c.z.s.servicio.SuscripcionServicio       : Consultando estado - Usuario: 2001
2026-03-29T11:27:45.104-05:00 DEBUG 8856 --- [zabora-subscription-service] [o-auto-1-exec-6] org.hibernate.SQL                        : 
    select
        us1_0.id,
        us1_0.cancelar_al_final_periodo,
        us1_0.estado,
        us1_0.fecha_actualizacion,
        us1_0.fecha_cancelacion,
        us1_0.fecha_creacion,
        us1_0.fin_periodo_actual,
        us1_0.id_cliente,
        us1_0.id_suscripcion,
        us1_0.inicio_periodo_actual,
        us1_0.plan_id,
        us1_0.usuario_id 
    from
        suscripciones_usuarios us1_0 
    where
        us1_0.usuario_id=? 
        and us1_0.estado=?
2026-03-29T11:27:45.104-05:00 DEBUG 8856 --- [zabora-subscription-service] [o-auto-1-exec-6] org.hibernate.SQL                        : 
    select
        ps1_0.id,
        ps1_0.activo,
        ps1_0.descripcion,
        ps1_0.fecha_actualizacion,
        ps1_0.fecha_creacion,
        ps1_0.moneda,
        ps1_0.nombre,
        ps1_0.precio 
    from
        planes_suscripcion ps1_0 
    where
        ps1_0.id=?
2026-03-29T11:27:45.104-05:00 DEBUG 8856 --- [zabora-subscription-service] [o-auto-1-exec-6] o.s.w.s.m.m.a.HttpEntityMethodProcessor  : Using 'application/json', given [*/*] and supported [application/json, application/*+json]
2026-03-29T11:27:45.104-05:00 DEBUG 8856 --- [zabora-subscription-service] [o-auto-1-exec-6] o.s.w.s.m.m.a.HttpEntityMethodProcessor  : Writing [RespuestaSuscripcionDTO(exito=true, mensaje=null, idSuscripcion=8f09fcbf-c237-4e0c-9423-a85c8480f095 (truncated)...]
2026-03-29T11:27:45.104-05:00 DEBUG 8856 --- [zabora-subscription-service] [o-auto-1-exec-6] o.s.web.servlet.DispatcherServlet        : Completed 200 OK
2026-03-29T11:27:45.128-05:00 DEBUG 8856 --- [zabora-subscription-service] [o-auto-1-exec-3] o.s.web.servlet.DispatcherServlet        : GET "/api/suscripciones/estado", parameters={}
2026-03-29T11:27:45.128-05:00 DEBUG 8856 --- [zabora-subscription-service] [o-auto-1-exec-3] s.w.s.m.m.a.RequestMappingHandlerMapping : Mapped to com.zabora.subscription.controlador.SuscripcionController#obtenerEstado()
2026-03-29T11:27:45.136-05:00  INFO 8856 --- [zabora-subscription-service] [o-auto-1-exec-3] c.z.s.controlador.SuscripcionController  : Consultando estado - Usuario: 2002
2026-03-29T11:27:45.136-05:00  INFO 8856 --- [zabora-subscription-service] [o-auto-1-exec-3] c.z.s.servicio.SuscripcionServicio       : Consultando estado - Usuario: 2002
2026-03-29T11:27:45.137-05:00 DEBUG 8856 --- [zabora-subscription-service] [o-auto-1-exec-3] org.hibernate.SQL                        : 
    select
        us1_0.id,
        us1_0.cancelar_al_final_periodo,
        us1_0.estado,
        us1_0.fecha_actualizacion,
        us1_0.fecha_cancelacion,
        us1_0.fecha_creacion,
        us1_0.fin_periodo_actual,
        us1_0.id_cliente,
        us1_0.id_suscripcion,
        us1_0.inicio_periodo_actual,
        us1_0.plan_id,
        us1_0.usuario_id 
    from
        suscripciones_usuarios us1_0 
    where
        us1_0.usuario_id=? 
        and us1_0.estado=?
2026-03-29T11:27:45.137-05:00 DEBUG 8856 --- [zabora-subscription-service] [o-auto-1-exec-3] org.hibernate.SQL                        : 
    select
        us1_0.id,
        us1_0.cancelar_al_final_periodo,
        us1_0.estado,
        us1_0.fecha_actualizacion,
        us1_0.fecha_cancelacion,
        us1_0.fecha_creacion,
        us1_0.fin_periodo_actual,
        us1_0.id_cliente,
        us1_0.id_suscripcion,
        us1_0.inicio_periodo_actual,
        us1_0.plan_id,
        us1_0.usuario_id 
    from
        suscripciones_usuarios us1_0 
    where
        us1_0.usuario_id=? 
    order by
        us1_0.fecha_creacion desc
2026-03-29T11:27:45.137-05:00 DEBUG 8856 --- [zabora-subscription-service] [o-auto-1-exec-3] org.hibernate.SQL                        : 
    select
        ps1_0.id,
        ps1_0.activo,
        ps1_0.descripcion,
        ps1_0.fecha_actualizacion,
        ps1_0.fecha_creacion,
        ps1_0.moneda,
        ps1_0.nombre,
        ps1_0.precio 
    from
        planes_suscripcion ps1_0 
    where
        ps1_0.id=?
2026-03-29T11:27:45.137-05:00 DEBUG 8856 --- [zabora-subscription-service] [o-auto-1-exec-3] o.s.w.s.m.m.a.HttpEntityMethodProcessor  : Using 'application/json', given [*/*] and supported [application/json, application/*+json]
2026-03-29T11:27:45.137-05:00 DEBUG 8856 --- [zabora-subscription-service] [o-auto-1-exec-3] o.s.w.s.m.m.a.HttpEntityMethodProcessor  : Writing [RespuestaSuscripcionDTO(exito=true, mensaje=null, idSuscripcion=83f288d5-7904-444a-8624-811b97062bf4 (truncated)...]
2026-03-29T11:27:45.137-05:00 DEBUG 8856 --- [zabora-subscription-service] [o-auto-1-exec-3] o.s.web.servlet.DispatcherServlet        : Completed 200 OK
2026-03-29T11:27:45.169-05:00 DEBUG 8856 --- [zabora-subscription-service] [o-auto-1-exec-9] o.s.web.servlet.DispatcherServlet        : GET "/api/suscripciones/estado", parameters={}
2026-03-29T11:27:45.169-05:00 DEBUG 8856 --- [zabora-subscription-service] [o-auto-1-exec-9] s.w.s.m.m.a.RequestMappingHandlerMapping : Mapped to com.zabora.subscription.controlador.SuscripcionController#obtenerEstado()
2026-03-29T11:27:45.170-05:00 DEBUG 8856 --- [zabora-subscription-service] [o-auto-1-exec-9] o.s.w.s.m.m.a.HttpEntityMethodProcessor  : Using 'application/json', given [*/*] and supported [application/json, application/*+json]
2026-03-29T11:27:45.170-05:00 DEBUG 8856 --- [zabora-subscription-service] [o-auto-1-exec-9] o.s.w.s.m.m.a.HttpEntityMethodProcessor  : Writing [{error=Usuario no autenticado}]
2026-03-29T11:27:45.171-05:00 DEBUG 8856 --- [zabora-subscription-service] [o-auto-1-exec-9] o.s.web.servlet.DispatcherServlet        : Completed 401 UNAUTHORIZED
========================================
CASO DE PRUEBA: CP037 - Verificación de Estado
========================================
Fecha ejecución: 29/03/2026 11:27
Responsable: Yuliana Yate

| Sub-caso | Resultado | Código HTTP | Datos clave |
|----------|-----------|-------------|-------------|
| CP037.1 - Usuario suscripción ACTIVA | REPROBO | 200 | estado: ACTIVA, plan: null |
| CP037.2 - Usuario PENDIENTE_PAGO | REPROBO | 200 | estado: ACTIVA, plan: null |
| CP037.3 - Usuario sin suscripción | REPROBO | 200 | estado: PENDIENTE_PAGO, plan: null |
| CP037.4 - Sin autenticación | APROBO | 401 | - |

========================================
VEREDICTO GENERAL: REPROBO
========================================

]]></system-out>
  </testcase>
</testsuite>